<?xml version='1.0' encoding='utf-8'?>
<testsuites name="pytest tests"><testsuite name="pytest" errors="0" failures="0" skipped="0" tests="31" time="34.763" timestamp="2026-09-24T22:22:04.483370-04:00" hostname="&lt;host&gt;"><testcase classname="tests.test_phase1b_c3_browser.KeyedSends" name="test_authentication_expiry_stops_polling_and_never_falls_back" time="3.243" /><testcase classname="tests.test_phase1b_c3_browser.KeyedSends" name="test_draft_edited_during_a_turn_survives_completion_and_navigation" time="0.861" /><testcase classname="tests.test_phase1b_c3_browser.KeyedSends" name="test_failed_generation_with_a_recorded_message_offers_ask_again" time="1.368" /><testcase classname="tests.test_phase1b_c3_browser.KeyedSends" name="test_ledger_reset_before_acceptance_is_reported_not_resent" time="0.960" /><testcase classname="tests.test_phase1b_c3_browser.KeyedSends" name="test_lookup_404_while_the_post_is_in_flight_never_mints_a_new_key" time="1.457" /><testcase classname="tests.test_phase1b_c3_browser.KeyedSends" name="test_lost_response_is_recovered_by_the_same_key" time="0.857" /><testcase classname="tests.test_phase1b_c3_browser.KeyedSends" name="test_profile_switch_and_late_results_stay_in_their_profile" time="1.768" /><testcase classname="tests.test_phase1b_c3_browser.KeyedSends" name="test_refused_while_another_turn_runs_is_not_sent_and_offered_back" time="0.659" /><testcase classname="tests.test_phase1b_c3_browser.KeyedSends" name="test_reload_mid_turn_recovers_the_same_intent_and_presents_it_once" time="2.468" /><testcase classname="tests.test_phase1b_c3_browser.KeyedSends" name="test_stopped_turn_shows_its_partial_reply_as_partial" time="0.860" /><testcase classname="tests.test_phase1b_c3_browser.KeyedSends" name="test_storage_failure_never_sends_and_keeps_the_draft" time="0.458" /><testcase classname="tests.test_phase1b_c3_browser.KeyedSends" name="test_submit_and_double_submit_launch_once" time="0.856" /><testcase classname="tests.test_phase1b_c3_browser.KeyedSends" name="test_unknown_outcome_needs_confirmation_and_quiescence_for_a_new_key" time="1.963" /><testcase classname="tests.test_phase1b_c3_browser.KeyedSends" name="test_withheld_reasoning_never_reaches_the_page" time="1.589" /><testcase classname="tests.test_phase1b_c3_browser.DisabledClient" name="test_default_page_carries_no_keyed_client_and_uses_the_legacy_route" time="0.714" /><testcase classname="tests.test_phase1b_c3_browser.RoutesWithoutClient" name="test_default_page_carries_no_keyed_client_and_uses_the_legacy_route" time="0.549" /><testcase classname="tests.test_phase1b_c3_disabled.Builds" name="test_default_and_routes_only_builds_serve_the_ordinary_page" time="0.072" /><testcase classname="tests.test_phase1b_c3_disabled.Builds" name="test_feed_rows_carry_ids_only_for_the_client_build" time="0.448" /><testcase classname="tests.test_phase1b_c3_disabled.Builds" name="test_nothing_new_is_shipped_and_no_entry_point_enables_the_client" time="0.028" /><testcase classname="tests.test_phase1b_c3_disabled.Builds" name="test_the_client_file_is_inert_without_the_signal" time="0.002" /><testcase classname="tests.test_phase1b_c3_disabled.Builds" name="test_the_explicit_client_build_adds_only_the_signal_and_the_script" time="0.038" /><testcase classname="tests.test_c3_review_browser.ClientRecoveryReview" name="test_delayed_bootstrap_cannot_clear_a_newer_draft_after_navigation" time="1.135" /><testcase classname="tests.test_c3_review_browser.ClientRecoveryReview" name="test_lost_accepted_response_then_missing_ledger_stays_pending" time="1.261" /><testcase classname="tests.test_c3_review_browser.ClientRecoveryReview" name="test_receipt_outage_does_not_forget_an_accepted_intent" time="0.778" /><testcase classname="tests.test_c3_review_browser.ClientRecoveryReview" name="test_sign_in_expiry_before_acceptance_can_resume_the_same_key" time="0.984" /><testcase classname="tests.test_c3_review_browser.PreviouslyDisclosedGates" name="test_reload_during_turn_does_not_add_a_second_transcript_owner_bubble" time="1.400" /><testcase classname="tests.test_c3_review_browser.PreviouslyDisclosedGates" name="test_send_again_recheck_refuses_live_or_unproven_receipt" time="1.785" /><testcase classname="tests.test_phase1b_c3_recovery_browser.RecoveryClosure" name="test_navigation_during_bootstrap_without_typing_does_not_bring_the_sent_text_back" time="1.212" /><testcase classname="tests.test_phase1b_c3_recovery_browser.RecoveryClosure" name="test_reload_with_an_equal_text_earlier_message_hides_nothing" time="2.570" /><testcase classname="tests.test_phase1b_c3_recovery_browser.RecoveryClosure" name="test_typing_during_bootstrap_in_the_same_view_is_kept" time="0.860" /><testcase classname="tests.test_phase1b_c3_recovery_browser.RecoveryClosure" name="test_unresolved_intent_is_recovered_by_check_now_with_the_same_key" time="1.284" /></testsuite></testsuites>