<?xml version='1.0' encoding='utf-8'?>
<testsuites name="pytest tests"><testsuite name="pytest" errors="0" failures="0" skipped="0" tests="19" time="2.271" timestamp="2026-09-24T22:23:15.837700-04:00" hostname="&lt;host&gt;"><testcase classname="tests.test_phase1b_c3_recovery.RecoveryNode" name="test_closure_unit_checks" time="0.077" /><testcase classname="tests.test_phase1b_c3_recovery.RecoveryNode" name="test_real_http_ledger_witness" time="1.908" /><testcase classname="tests.test_phase1b_c3_recovery.RecoveryNode" name="test_reviewer_unit_checks" time="0.051" /></testsuite></testsuites>