<?xml version='1.0' encoding='utf-8'?>
<testsuites name="pytest tests"><testsuite name="pytest" errors="0" failures="0" skipped="0" tests="51" time="1.311" timestamp="2026-09-24T22:23:41.379755-04:00" hostname="&lt;host&gt;"><testcase classname="tests.test_reliability.ReliabilityTests" name="test_both_editors_reject_photo_sessions_without_style" time="0.098" /><testcase classname="tests.test_reliability.ReliabilityTests" name="test_both_editors_synchronize_and_report_failed_job_updates" time="0.096" /><testcase classname="tests.test_reliability.ReliabilityTests" name="test_image_frequency_round_trips_and_rejects_invalid_intervals" time="0.086" /><testcase classname="tests.test_reliability.ReliabilityTests" name="test_image_frequency_sync_keeps_custom_cron_schedules" time="0.087" /><testcase classname="tests.test_reliability.ReliabilityTests" name="test_job_usage_counts_continuations_and_isolates_profiles" time="0.043" /><testcase classname="tests.test_reliability.ReliabilityTests" name="test_link_existing_hermes_config_file_persists_without_changing_it" time="0.045" /><testcase classname="tests.test_reliability.ReliabilityTests" name="test_new_companions_stagger_without_moving_existing_schedules" time="0.040" /><testcase classname="tests.test_reliability.ReliabilityTests" name="test_non_romantic_connections_do_not_offer_romantic_progress" time="0.038" /><testcase classname="tests.test_reliability.ReliabilityTests" name="test_operation_result_is_only_available_to_its_originating_profile" time="0.046" /><testcase classname="tests.test_reliability.ReliabilityTests" name="test_page_versions_its_assets_to_avoid_mixed_cached_controllers" time="0.089" /><testcase classname="tests.test_reliability.ReliabilityTests" name="test_schedule_approval_requires_a_successful_model_check" time="0.055" /><testcase classname="tests.test_reliability.ReliabilityTests" name="test_sharing_conflict_preserves_configuration_and_both_ledgers" time="0.038" /><testcase classname="tests.test_reliability.ReliabilityTests" name="test_sharing_preserves_facts_in_both_directions_and_leaves_relationship_alone" time="0.055" /><testcase classname="tests.test_reliability.BrowserScriptRegressionTests" name="test_browser_regressions" time="0.027" /><testcase classname="tests.test_reliability.BrowserScriptRegressionTests" name="test_content_and_feed_regressions" time="0.020" /><testcase classname="tests.test_reliability.BrowserScriptRegressionTests" name="test_creation_interview_stays_inside_the_catalogs" time="0.036" /><testcase classname="tests.test_reliability.BrowserScriptRegressionTests" name="test_every_script_regression_is_run_here" time="0.001" /><testcase classname="tests.test_reliability.BrowserScriptRegressionTests" name="test_import_offers_all_three_outcomes" time="0.019" /><testcase classname="tests.test_reliability.BrowserScriptRegressionTests" name="test_media_urls_keep_their_profile" time="0.025" /><testcase classname="tests.test_reliability.BrowserScriptRegressionTests" name="test_model_licence_notice" time="0.019" /><testcase classname="tests.test_reliability.BrowserScriptRegressionTests" name="test_update_notice_ui" time="0.018" /><testcase classname="tests.test_reliability.BrowserScriptRegressionTests" name="test_us_page" time="0.127" /><testcase classname="tests.test_reliability.NoticeStripAndRetryLayoutTests" name="test_generating_a_variant_does_not_hold_the_page" time="0.001" /><testcase classname="tests.test_reliability.NoticeStripAndRetryLayoutTests" name="test_multi_block_notices_opt_out_of_the_flex_row" time="0.001" /><testcase classname="tests.test_reliability.NoticeStripAndRetryLayoutTests" name="test_the_provider_radio_cannot_stretch" time="0.000" /><testcase classname="tests.test_reliability.DeletingAVariantReachesTheRightFileTests" name="test_a_deleted_timeline_image_is_taken_out_of_its_capture" time="0.000" /><testcase classname="tests.test_reliability.DeletingAVariantReachesTheRightFileTests" name="test_the_server_gives_every_variant_its_own_etag" time="0.000" /><testcase classname="tests.test_reliability.DeletingAVariantReachesTheRightFileTests" name="test_the_viewer_moves_the_etag_with_the_path" time="0.000" /><testcase classname="tests.test_reliability.PromptsAreFiledUnderTheirOwnNamesTests" name="test_both_prompts_stay_visible_side_by_side" time="0.000" /><testcase classname="tests.test_reliability.PromptsAreFiledUnderTheirOwnNamesTests" name="test_compile_files_the_section_text_as_structured" time="0.000" /><testcase classname="tests.test_reliability.PromptsAreFiledUnderTheirOwnNamesTests" name="test_the_viewer_translates_records_written_under_the_old_names" time="0.000" /><testcase classname="tests.test_reliability.OneCompanionsPicturesStayTheirOwnTests" name="test_a_seed_asked_for_is_the_seed_used" time="0.000" /><testcase classname="tests.test_reliability.OneCompanionsPicturesStayTheirOwnTests" name="test_every_rendered_media_url_carries_the_companion" time="0.001" /><testcase classname="tests.test_reliability.OneCompanionsPicturesStayTheirOwnTests" name="test_the_capture_id_is_scoped_to_the_companion" time="0.001" /></testsuite></testsuites>