<?xml version='1.0' encoding='utf-8'?>
<testsuites name="pytest tests"><testsuite name="pytest" errors="0" failures="0" skipped="0" tests="223" time="22.147" timestamp="2026-09-24T22:23:18.349766-04:00" hostname="&lt;host&gt;"><testcase classname="tests.test_phase1b_c1_closure.F1LegacyFallback" name="test_corrupt_ledger" time="0.242" /><testcase classname="tests.test_phase1b_c1_closure.F1LegacyFallback" name="test_genuine_legacy_operation_and_unknown_id" time="0.062" /><testcase classname="tests.test_phase1b_c1_closure.F1LegacyFallback" name="test_other_profile_is_404_even_with_the_ledger_lost" time="0.216" /><testcase classname="tests.test_phase1b_c1_closure.F1LegacyFallback" name="test_persisted_format_two_after_restart" time="0.235" /><testcase classname="tests.test_phase1b_c1_closure.F1LegacyFallback" name="test_readable_reset" time="0.277" /><testcase classname="tests.test_phase1b_c1_closure.F1LegacyFallback" name="test_readable_reset_authorised_is_restricted_too" time="0.281" /><testcase classname="tests.test_phase1b_c1_closure.F1LegacyFallback" name="test_receipt_pruning" time="0.285" /><testcase classname="tests.test_phase1b_c1_closure.F1LegacyFallback" name="test_unreadable_ledger_authorised_and_revoked" time="0.431" /><testcase classname="tests.test_phase1b_c1_closure.F2PublicStream" name="test_after_restart_a_partial_stream_is_not_fabricated" time="0.291" /><testcase classname="tests.test_phase1b_c1_closure.F2PublicStream" name="test_failure_file_holds_no_text" time="0.196" /><testcase classname="tests.test_phase1b_c1_closure.F2PublicStream" name="test_other_profile_and_lost_ledger" time="0.279" /><testcase classname="tests.test_phase1b_c1_closure.F2PublicStream" name="test_reasoning_markup_never_leaves_the_server" time="10.269" /><testcase classname="tests.test_phase1b_c1_closure.F2PublicStream" name="test_revocation_withholds_the_next_read" time="0.280" /><testcase classname="tests.test_phase1b_c1_closure.F2PublicStream" name="test_snapshot_grows_and_is_not_append_only" time="0.415" /><testcase classname="tests.test_phase1b_c1_closure.F3ReceiptPaths" name="test_completed_turn_all_paths_agree_then_all_withhold" time="0.330" /><testcase classname="tests.test_phase1b_c1_closure.F3ReceiptPaths" name="test_open_receipts_for_a_paused_unsettled_turn" time="0.394" /><testcase classname="tests.test_phase1b_c1_closure.F3ReceiptPaths" name="test_two_profiles_same_key_and_lost_response_retry" time="0.452" /><testcase classname="tests.test_phase1b_c1_closure.PublicStreamUnit" name="test_bounded_tail_and_markup" time="0.000" /><testcase classname="tests.test_phase1b_c1_review_r1.StreamPrivacyReview" name="test_completed_operation_does_not_reintroduce_hidden_delta_text" time="0.278" /><testcase classname="tests.test_phase1b_c1_review_r1.StreamPrivacyReview" name="test_failed_operation_does_not_reintroduce_hidden_delta_text" time="0.233" /><testcase classname="tests.test_phase1b_c1_review_r1.StreamPrivacyReview" name="test_ordinary_public_output_is_still_delivered" time="0.281" /><testcase classname="tests.test_phase1b_c1_review_r1.StreamPrivacyReview" name="test_running_hidden_block_stays_hidden_after_raw_buffer_rollover" time="1.860" /><testcase classname="tests.test_phase1b_c1_review_r1.StreamPrivacyCoverage" name="test_interrupted_keeps_only_public_partial_text" time="0.391" /><testcase classname="tests.test_phase1b_c1_review_r1.StreamPrivacyCoverage" name="test_ledger_loss_is_the_restricted_view" time="0.229" /><testcase classname="tests.test_phase1b_c1_review_r1.StreamPrivacyCoverage" name="test_restart_reconstruction_uses_the_clean_row" time="0.513" /><testcase classname="tests.test_phase1b_c1_review_r1.StreamPrivacyCoverage" name="test_revocation_withholds_everything" time="0.225" /><testcase classname="tests.test_phase1b_c1_review_r1.StreamPrivacyCoverage" name="test_source_unavailable_withholds_content" time="0.296" /><testcase classname="tests.test_phase1b_c1_review_r1.PublicFilterUnit" name="test_bounded_state_inside_a_huge_block" time="0.004" /><testcase classname="tests.test_phase1b_c1_review_r1.PublicFilterUnit" name="test_every_split_of_a_block" time="0.005" /><testcase classname="tests.test_phase1b_c1_review_r1.PublicFilterUnit" name="test_ordinary_text_and_edges" time="0.000" /><testcase classname="tests.test_evidence_export.EvidenceExport" name="test_an_earlier_raw_placeholder_is_repaired_as_a_derivative" time="0.043" /><testcase classname="tests.test_evidence_export.EvidenceExport" name="test_other_malformation_and_leaks_fail" time="0.087" /><testcase classname="tests.test_evidence_export.EvidenceExport" name="test_placeholders_are_escaped_and_cases_preserved" time="0.043" /><testcase classname="tests.test_dispatch_claim.OneRunOneClaim" name="test_a_second_dispatcher_is_refused_by_the_run_lock" time="0.077" /><testcase classname="tests.test_dispatch_claim.OneRunOneClaim" name="test_concurrent_processes_never_deliver_one_entry_twice" time="0.185" /><testcase classname="tests.test_dispatch_claim.OneRunOneClaim" name="test_with_the_run_lock_bypassed_the_claim_guard_admits_one" time="0.055" /><testcase classname="tests.test_dispatch_claim.CrashBoundaries" name="test_a_charge_lookup_error_is_never_read_as_no_charge" time="0.049" /><testcase classname="tests.test_dispatch_claim.CrashBoundaries" name="test_a_crash_while_the_run_lock_is_held_does_not_block_the_next_run" time="0.047" /><testcase classname="tests.test_dispatch_claim.CrashBoundaries" name="test_an_unreadable_charge_ledger_leaves_the_reservation_unresolved" time="0.142" /><testcase classname="tests.test_dispatch_claim.CrashBoundaries" name="test_every_boundary" time="0.678" /><testcase classname="tests.test_dispatch_claim.AttemptOwnership" name="test_a_different_attempt_cannot_move_the_entry" time="0.004" /><testcase classname="tests.test_dispatch_claim.AttemptOwnership" name="test_a_late_outcome_after_recovery_is_refused" time="0.004" /><testcase classname="tests.test_dispatch_claim.AttemptOwnership" name="test_a_requeued_entry_belongs_to_its_new_attempt" time="0.005" /><testcase classname="tests.test_dispatch_claim.AttemptOwnership" name="test_a_stale_expected_phase_is_refused" time="0.002" /><testcase classname="tests.test_dispatch_claim.AttemptOwnership" name="test_mark_cannot_overwrite_an_attempt_or_an_outcome" time="0.009" /><testcase classname="tests.test_dispatch_claim.AttemptOwnership" name="test_unknown_is_replaced_only_by_the_same_attempt_with_evidence" time="0.004" /><testcase classname="tests.test_dispatch_claim.Classification" name="test_reported_values_are_kept_and_nothing_is_invented" time="0.000" /><testcase classname="tests.test_dispatch_claim.Classification" name="test_the_pre_platform_list_starts_empty" time="0.000" /><testcase classname="tests.test_dispatch_claim.Classification" name="test_the_table" time="0.001" /><testcase classname="tests.test_dispatch_claim.Classification" name="test_the_watch_notifier_keeps_its_shape" time="0.000" /><testcase classname="tests.test_dispatch_claim.OutcomesThroughTheDispatcher" name="test_a_cap_refusal_appends_no_charge_and_requeues" time="0.006" /><testcase classname="tests.test_dispatch_claim.OutcomesThroughTheDispatcher" name="test_a_raising_delivery_step_is_unknown" time="0.004" /><testcase classname="tests.test_dispatch_claim.OutcomesThroughTheDispatcher" name="test_an_error_is_unknown_and_never_resent" time="0.005" /><testcase classname="tests.test_dispatch_claim.OutcomesThroughTheDispatcher" name="test_skipped_is_withheld" time="0.004" /><testcase classname="tests.test_dispatch_claim.OutcomesThroughTheDispatcher" name="test_the_record_lands_in_the_outbox" time="0.004" /><testcase classname="tests.test_dispatch_claim.ChargeLedger" name="test_a_missing_ledger_is_empty_and_a_torn_one_is_unreadable" time="0.001" /><testcase classname="tests.test_dispatch_claim.ChargeLedger" name="test_a_refused_claim_appends_nothing" time="0.001" /><testcase classname="tests.test_dispatch_claim.ChargeLedger" name="test_the_charge_row_carries_the_attempt" time="0.001" /><testcase classname="tests.test_dispatch_claim.Compatibility" name="test_a_running_pre_1b_dispatcher_is_not_excluded" time="0.008" /><testcase classname="tests.test_dispatch_claim.Compatibility" name="test_an_existing_outbox_stays_readable_and_its_queued_entry_is_dispatched" time="0.003" /><testcase classname="tests.test_dispatch_claim.Compatibility" name="test_the_pre_1b_fold_does_not_requeue_new_phases" time="0.016" /><testcase classname="tests.test_outbox.QueueTests" name="test_a_full_queue_is_an_error_not_a_bigger_queue" time="0.011" /><testcase classname="tests.test_outbox.QueueTests" name="test_a_message_carries_an_expiry_from_the_moment_it_is_queued" time="0.001" /><testcase classname="tests.test_outbox.QueueTests" name="test_high_priority_goes_to_the_front" time="0.002" /><testcase classname="tests.test_outbox.QueueTests" name="test_media_needs_an_absolute_path_that_exists_by_send_time" time="0.000" /><testcase classname="tests.test_outbox.QueueTests" name="test_the_fold_is_the_state_and_the_file_keeps_everything" time="0.001" /><testcase classname="tests.test_outbox.DispatcherTests" name="test_a_backlog_is_never_flushed_at_once" time="0.005" /><testcase classname="tests.test_outbox.DispatcherTests" name="test_a_dry_run_still_expires_but_sends_nothing" time="0.003" /><testcase classname="tests.test_outbox.DispatcherTests" name="test_a_failed_send_keeps_its_slot_and_is_not_retried" time="0.008" /><testcase classname="tests.test_outbox.DispatcherTests" name="test_a_photo_set_to_ask_is_withheld_with_a_reason_she_can_act_on" time="0.002" /><testcase classname="tests.test_outbox.DispatcherTests" name="test_a_photo_set_to_no_never_goes" time="0.002" /><testcase classname="tests.test_outbox.DispatcherTests" name="test_an_expired_message_is_dropped_and_never_sent_late" time="0.002" /><testcase classname="tests.test_outbox.DispatcherTests" name="test_an_old_message_from_the_human_does_not_count_as_awake" time="0.001" /><testcase classname="tests.test_outbox.DispatcherTests" name="test_being_awake_does_not_raise_the_daily_cap" time="0.009" /><testcase classname="tests.test_outbox.DispatcherTests" name="test_being_visibly_awake_beats_the_sleep_window" time="0.004" /><testcase classname="tests.test_outbox.DispatcherTests" name="test_not_before_holds_without_burning_anything" time="0.004" /><testcase classname="tests.test_outbox.DispatcherTests" name="test_quiet_hours_hold_a_message_rather_than_dropping_it" time="0.001" /><testcase classname="tests.test_outbox.DispatcherTests" name="test_the_daily_cap_holds_and_is_counted_on_disk" time="0.008" /><testcase classname="tests.test_phase1b_c0_dispatch.SlotBoundaries" name="test_a_second_dispatcher_is_refused_by_the_run_lock" time="0.001" /><testcase classname="tests.test_phase1b_c0_dispatch.SlotBoundaries" name="test_a_stale_snapshot_cannot_claim_a_claimed_entry" time="0.004" /><testcase classname="tests.test_phase1b_c0_dispatch.SlotBoundaries" name="test_amended_rule_at_every_boundary" time="0.021" /><testcase classname="tests.test_phase1b_c0_dispatch.SlotBoundaries" name="test_an_unreadable_slot_ledger_leaves_the_reservation_unresolved" time="0.003" /><testcase classname="tests.test_phase1b_c0_dispatch.SlotBoundaries" name="test_pre_1b_fold_does_not_requeue_new_phases" time="0.008" /><testcase classname="tests.test_phase1b_c0_dispatch.SlotBoundaries" name="test_revision_two_charges_twice_after_a_charge_before_marker_crash" time="0.005" /><testcase classname="tests.test_phase1b_review_02f2285.UnicodeFilter" name="test_fragmentation_does_not_change_hidden_block_exclusion" time="0.000" /><testcase classname="tests.test_phase1b_review_02f2285.UnicodeFilter" name="test_lowercase_expansion_preserves_public_characters" time="0.000" /><testcase classname="tests.test_phase1b_review_02f2285.UnicodeHttp" name="test_interruption_does_not_publish_hidden_unicode_prefixed_delta" time="0.325" /><testcase classname="tests.test_phase1b_review_02f2285.PrecheckCancellation" name="test_drop_between_precheck_and_claim_prevents_charge_and_delivery" time="0.002" /><testcase classname="tests.test_phase1b_review_b94caf2_original.StreamPrivacyReview" name="test_completed_operation_does_not_reintroduce_hidden_delta_text" time="0.204" /><testcase classname="tests.test_phase1b_review_b94caf2_original.StreamPrivacyReview" name="test_failed_operation_does_not_reintroduce_hidden_delta_text" time="0.256" /><testcase classname="tests.test_phase1b_review_b94caf2_original.StreamPrivacyReview" name="test_running_hidden_block_stays_hidden_after_raw_buffer_rollover" time="0.217" /><testcase classname="tests.test_phase1b_review_b94caf2_original.PublicOutputControl" name="test_plain_public_text_remains_available_and_bounded" time="0.000" /><testcase classname="tests.test_phase1b_u1_unicode_offsets.UnicodeOffsets" name="test_non_ascii_text_is_returned_unchanged" time="0.000" /><testcase classname="tests.test_phase1b_u1_unicode_offsets.UnicodeOffsets" name="test_partial_state_stays_bounded" time="0.000" /><testcase classname="tests.test_phase1b_u1_unicode_offsets.UnicodeOffsets" name="test_split_tags_and_unclosed_block_after_expanding_characters" time="0.000" /><testcase classname="tests.test_phase1b_u1_unicode_offsets.UnicodeOffsets" name="test_uppercase_tags_after_expanding_characters" time="0.000" /></testsuite></testsuites>