<?xml version='1.0' encoding='utf-8'?>
<testsuites name="pytest tests"><testsuite name="pytest" errors="0" failures="0" skipped="0" tests="29" time="188.294" timestamp="2026-09-24T21:41:15.879086-04:00" hostname="&lt;host&gt;"><testcase classname="tests.test_phase1b_c1_pinned.PinnedTurns" name="test_a_dropped_main_stream_adds_an_unmarked_user_row" time="3.077" /><testcase classname="tests.test_phase1b_c1_pinned.PinnedTurns" name="test_a_note_without_its_provenance_stays_conservative" time="2.816" /><testcase classname="tests.test_phase1b_c1_pinned.PinnedTurns" name="test_a_provider_retry_inside_one_turn_is_one_launch" time="2.842" /><testcase classname="tests.test_phase1b_c1_pinned.PinnedTurns" name="test_an_owner_message_equal_to_the_note_text_is_still_owner_speech" time="2.804" /><testcase classname="tests.test_phase1b_c1_pinned.PinnedTurns" name="test_controller_death_mid_turn_then_recovery" time="3.344" /><testcase classname="tests.test_phase1b_c1_pinned.PinnedTurns" name="test_deadline_interrupts_a_hung_turn" time="8.819" /><testcase classname="tests.test_phase1b_c1_pinned.PinnedTurns" name="test_fresh_turn_completes_and_the_same_key_replays" time="2.957" /><testcase classname="tests.test_phase1b_c1_pinned.PinnedTurns" name="test_provider_error_before_the_first_byte" time="11.441" /><testcase classname="tests.test_phase1b_c1_pinned.PinnedTurns" name="test_receipt_gap_in_a_real_turn" time="2.958" /><testcase classname="tests.test_phase1b_c1_pinned.PinnedTurns" name="test_resumed_session_is_not_created_here" time="5.178" /><testcase classname="tests.test_phase1b_c1_pinned.PinnedTurns" name="test_stop_during_a_stream_is_interrupted" time="4.783" /><testcase classname="tests.test_phase1b_c1_pinned.PinnedTurns" name="test_truncated_and_disconnected_replies_fail_as_incomplete" time="5.723" /><testcase classname="tests.test_phase1b_c1_pinned.PinnedHttp" name="test_http_dropped_stream_note_is_excluded_from_reads" time="3.572" /><testcase classname="tests.test_phase1b_c1_pinned.PinnedHttp" name="test_http_fresh_turn_links_reads_and_replays" time="3.384" /><testcase classname="tests.test_phase1b_c1_pinned.PinnedHttp" name="test_http_note_without_provenance_reads_as_recorded" time="3.400" /><testcase classname="tests.test_phase1b_c1_pinned.PinnedHttp" name="test_http_owner_text_equal_to_the_note_stays_owner_speech" time="3.392" /><testcase classname="tests.test_phase1b_c1_pinned.PinnedSeams" name="test_compression_clone_then_death_is_unknown_not_absent" time="0.414" /><testcase classname="tests.test_phase1b_c1_pinned.PinnedSeams" name="test_hidden_and_summary_owner_rows_are_not_owner_evidence" time="0.392" /><testcase classname="tests.test_phase1b_c1_pinned.PinnedSeams" name="test_receipt_gap_after_a_real_commit" time="0.384" /><testcase classname="tests.test_phase1b_c1_pinned.PinnedActivation" name="test_controller_death_during_a_tool" time="48.988" /><testcase classname="tests.test_phase1b_c1_pinned.PinnedActivation" name="test_deadline_during_a_tool" time="9.226" /><testcase classname="tests.test_phase1b_c1_pinned.PinnedActivation" name="test_executor_killed_during_a_tool_leaves_the_tool_running" time="2.956" /><testcase classname="tests.test_phase1b_c1_pinned.PinnedActivation" name="test_foreign_writers_are_never_attributed" time="35.709" /><testcase classname="tests.test_phase1b_c1_pinned.PinnedActivation" name="test_real_cli_compression_continuation" time="5.825" /><testcase classname="tests.test_phase1b_c1_pinned.PinnedActivation" name="test_stop_during_a_tool" time="5.853" /><testcase classname="tests.test_phase1b_c1_pinned.PinnedActivation" name="test_tool_descendants_escape_the_managed_group" time="4.100" /><testcase classname="tests.test_phase1b_c1_pinned.PinnedActivation" name="test_tool_turn_completes_with_tool_rows_excluded" time="3.905" /></testsuite></testsuites>