<?xml version="1.0" encoding="utf-8"?><testsuites name="pytest tests"><testsuite name="pytest" errors="0" failures="0" skipped="0" tests="15" time="50.010" timestamp="2026-09-24T09:57:42.034676-04:00" hostname="<host>"><testcase classname="tests.test_phase1b_c1_pinned.PinnedTurns" name="test_a_dropped_main_stream_adds_an_unmarked_user_row" time="2.973" /><testcase classname="tests.test_phase1b_c1_pinned.PinnedTurns" name="test_a_provider_retry_inside_one_turn_is_one_launch" time="2.810" /><testcase classname="tests.test_phase1b_c1_pinned.PinnedTurns" name="test_controller_death_mid_turn_then_recovery" time="3.292" /><testcase classname="tests.test_phase1b_c1_pinned.PinnedTurns" name="test_deadline_interrupts_a_hung_turn" time="8.657" /><testcase classname="tests.test_phase1b_c1_pinned.PinnedTurns" name="test_fresh_turn_completes_and_the_same_key_replays" time="2.805" /><testcase classname="tests.test_phase1b_c1_pinned.PinnedTurns" name="test_provider_error_before_the_first_byte" time="10.692" /><testcase classname="tests.test_phase1b_c1_pinned.PinnedTurns" name="test_receipt_gap_in_a_real_turn" time="2.820" /><testcase classname="tests.test_phase1b_c1_pinned.PinnedTurns" name="test_resumed_session_is_not_created_here" time="4.953" /><testcase classname="tests.test_phase1b_c1_pinned.PinnedTurns" name="test_stop_during_a_stream_is_interrupted" time="4.648" /><testcase classname="tests.test_phase1b_c1_pinned.PinnedTurns" name="test_truncated_and_disconnected_replies_fail_as_incomplete" time="5.367" /><testcase classname="tests.test_phase1b_c1_pinned.PinnedSeams" name="test_compression_clone_then_death_is_unknown_not_absent" time="0.322" /><testcase classname="tests.test_phase1b_c1_pinned.PinnedSeams" name="test_hidden_and_summary_owner_rows_are_not_owner_evidence" time="0.313" /><testcase classname="tests.test_phase1b_c1_pinned.PinnedSeams" name="test_receipt_gap_after_a_real_commit" time="0.322" /></testsuite></testsuites>