<?xml version='1.0' encoding='utf-8'?>
<testsuites name="pytest tests"><testsuite name="pytest" errors="0" failures="6" skipped="0" tests="27" time="42.343" timestamp="2026-09-24T22:11:27.595572-04:00" hostname="&lt;host&gt;"><testcase classname="tests.test_phase1b_c3_browser.KeyedSends" name="test_authentication_expiry_stops_polling_and_never_falls_back" time="3.289" /><testcase classname="tests.test_phase1b_c3_browser.KeyedSends" name="test_draft_edited_during_a_turn_survives_completion_and_navigation" time="0.860" /><testcase classname="tests.test_phase1b_c3_browser.KeyedSends" name="test_failed_generation_with_a_recorded_message_offers_ask_again" time="1.365" /><testcase classname="tests.test_phase1b_c3_browser.KeyedSends" name="test_ledger_reset_before_acceptance_is_reported_not_resent" time="0.962" /><testcase classname="tests.test_phase1b_c3_browser.KeyedSends" name="test_lookup_404_while_the_post_is_in_flight_never_mints_a_new_key" time="1.578" /><testcase classname="tests.test_phase1b_c3_browser.KeyedSends" name="test_lost_response_is_recovered_by_the_same_key" time="0.848" /><testcase classname="tests.test_phase1b_c3_browser.KeyedSends" name="test_profile_switch_and_late_results_stay_in_their_profile" time="1.778" /><testcase classname="tests.test_phase1b_c3_browser.KeyedSends" name="test_refused_while_another_turn_runs_is_not_sent_and_offered_back" time="0.782" /><testcase classname="tests.test_phase1b_c3_browser.KeyedSends" name="test_reload_mid_turn_recovers_the_same_intent_and_presents_it_once" time="1.350" /><testcase classname="tests.test_phase1b_c3_browser.KeyedSends" name="test_stopped_turn_shows_its_partial_reply_as_partial" time="0.866" /><testcase classname="tests.test_phase1b_c3_browser.KeyedSends" name="test_storage_failure_never_sends_and_keeps_the_draft" time="0.455" /><testcase classname="tests.test_phase1b_c3_browser.KeyedSends" name="test_submit_and_double_submit_launch_once" time="0.882" /><testcase classname="tests.test_phase1b_c3_browser.KeyedSends" name="test_unknown_outcome_needs_confirmation_and_quiescence_for_a_new_key" time="1.990" /><testcase classname="tests.test_phase1b_c3_browser.KeyedSends" name="test_withheld_reasoning_never_reaches_the_page" time="1.615" /><testcase classname="tests.test_phase1b_c3_browser.DisabledClient" name="test_default_page_carries_no_keyed_client_and_uses_the_legacy_route" time="0.655" /><testcase classname="tests.test_phase1b_c3_browser.RoutesWithoutClient" name="test_default_page_carries_no_keyed_client_and_uses_the_legacy_route" time="0.717" /><testcase classname="tests.test_phase1b_c3_disabled.Builds" name="test_default_and_routes_only_builds_serve_the_ordinary_page" time="0.077" /><testcase classname="tests.test_phase1b_c3_disabled.Builds" name="test_feed_rows_carry_ids_only_for_the_client_build" time="0.517" /><testcase classname="tests.test_phase1b_c3_disabled.Builds" name="test_nothing_new_is_shipped_and_no_entry_point_enables_the_client" time="0.052" /><testcase classname="tests.test_phase1b_c3_disabled.Builds" name="test_the_client_file_is_inert_without_the_signal" time="0.003" /><testcase classname="tests.test_phase1b_c3_disabled.Builds" name="test_the_explicit_client_build_adds_only_the_signal_and_the_script" time="0.042" /><testcase classname="tests.test_c3_review_browser.ClientRecoveryReview" name="test_delayed_bootstrap_cannot_clear_a_newer_draft_after_navigation" time="1.142"><failure message="AssertionError: '' != 'New draft after navigation'&#10;+ New draft after navigation">self = &lt;test_c3_review_browser.ClientRecoveryReview testMethod=test_delayed_bootstrap_cannot_clear_a_newer_draft_after_navigation&gt;

    #x1B[0m#x1B[94mdef#x1B[39;49;00m#x1B[90m #x1B[39;49;00m#x1B[92mtest_delayed_bootstrap_cannot_clear_a_newer_draft_after_navigation#x1B[39;49;00m(#x1B[96mself#x1B[39;49;00m):#x1B[90m#x1B[39;49;00m
        #x1B[96mself#x1B[39;49;00m.s.scenario(reply=#x1B[33m'#x1B[39;49;00m#x1B[33mThe older request completed.#x1B[39;49;00m#x1B[33m'#x1B[39;49;00m)#x1B[90m#x1B[39;49;00m
        #x1B[96mself#x1B[39;49;00m.open()#x1B[90m#x1B[39;49;00m
        held = []#x1B[90m#x1B[39;49;00m
        #x1B[96mself#x1B[39;49;00m.page.route(#x1B[33m'#x1B[39;49;00m#x1B[33m**/api/chat/sends/bootstrap?*#x1B[39;49;00m#x1B[33m'#x1B[39;49;00m, #x1B[94mlambda#x1B[39;49;00m r: held.append(r))#x1B[90m#x1B[39;49;00m
        #x1B[96mself#x1B[39;49;00m.page.eval_on_selector(#x1B[33m'#x1B[39;49;00m#x1B[33m#chat-message#x1B[39;49;00m#x1B[33m'#x1B[39;49;00m, #x1B[33m"#x1B[39;49;00m#x1B[33mel=&gt;el.dataset.reviewOld=#x1B[39;49;00m#x1B[33m'#x1B[39;49;00m#x1B[33m1#x1B[39;49;00m#x1B[33m'#x1B[39;49;00m#x1B[33m"#x1B[39;49;00m)#x1B[90m#x1B[39;49;00m
        #x1B[96mself#x1B[39;49;00m.type_and_send(#x1B[33m'#x1B[39;49;00m#x1B[33mOlder submitted text#x1B[39;49;00m#x1B[33m'#x1B[39;49;00m)#x1B[90m#x1B[39;49;00m
        until(#x1B[94mlambda#x1B[39;49;00m: held, what=#x1B[33m'#x1B[39;49;00m#x1B[33mbootstrap held before pending acceptance#x1B[39;49;00m#x1B[33m'#x1B[39;49;00m)#x1B[90m#x1B[39;49;00m
        #x1B[96mself#x1B[39;49;00m.page.evaluate(#x1B[33m"#x1B[39;49;00m#x1B[33m()=&gt;showTab(#x1B[39;49;00m#x1B[33m'#x1B[39;49;00m#x1B[33mnow#x1B[39;49;00m#x1B[33m'#x1B[39;49;00m#x1B[33m)#x1B[39;49;00m#x1B[33m"#x1B[39;49;00m)#x1B[90m#x1B[39;49;00m
        #x1B[96mself#x1B[39;49;00m.page.evaluate(#x1B[33m"#x1B[39;49;00m#x1B[33m()=&gt;showTab(#x1B[39;49;00m#x1B[33m'#x1B[39;49;00m#x1B[33mchat#x1B[39;49;00m#x1B[33m'#x1B[39;49;00m#x1B[33m)#x1B[39;49;00m#x1B[33m"#x1B[39;49;00m)#x1B[90m#x1B[39;49;00m
        #x1B[96mself#x1B[39;49;00m.page.wait_for_selector(#x1B[33m'#x1B[39;49;00m#x1B[33m#chat-message#x1B[39;49;00m#x1B[33m'#x1B[39;49;00m)#x1B[90m#x1B[39;49;00m
        #x1B[96mself#x1B[39;49;00m.page.wait_for_function(#x1B[33m"#x1B[39;49;00m#x1B[33m!document.querySelector(#x1B[39;49;00m#x1B[33m'#x1B[39;49;00m#x1B[33m.chat-loading#x1B[39;49;00m#x1B[33m'#x1B[39;49;00m#x1B[33m)#x1B[39;49;00m#x1B[33m"#x1B[39;49;00m)#x1B[90m#x1B[39;49;00m
        #x1B[96mself#x1B[39;49;00m.page.wait_for_function(#x1B[33m"#x1B[39;49;00m#x1B[33mdocument.getElementById(#x1B[39;49;00m#x1B[33m'#x1B[39;49;00m#x1B[33mchat-message#x1B[39;49;00m#x1B[33m'#x1B[39;49;00m#x1B[33m) &amp;&amp; !document.getElementById(#x1B[39;49;00m#x1B[33m'#x1B[39;49;00m#x1B[33mchat-message#x1B[39;49;00m#x1B[33m'#x1B[39;49;00m#x1B[33m).dataset.reviewOld#x1B[39;49;00m#x1B[33m"#x1B[39;49;00m)#x1B[90m#x1B[39;49;00m
        #x1B[96mself#x1B[39;49;00m.page.fill(#x1B[33m'#x1B[39;49;00m#x1B[33m#chat-message#x1B[39;49;00m#x1B[33m'#x1B[39;49;00m, #x1B[33m'#x1B[39;49;00m#x1B[33mNew draft after navigation#x1B[39;49;00m#x1B[33m'#x1B[39;49;00m)#x1B[90m#x1B[39;49;00m
        held.pop(#x1B[94m0#x1B[39;49;00m).continue_()#x1B[90m#x1B[39;49;00m
        #x1B[96mself#x1B[39;49;00m.wait_reply(#x1B[33m'#x1B[39;49;00m#x1B[33mThe older request completed.#x1B[39;49;00m#x1B[33m'#x1B[39;49;00m)#x1B[90m#x1B[39;49;00m
        #x1B[96mself#x1B[39;49;00m.assertEqual(#x1B[96mself#x1B[39;49;00m.page.input_value(#x1B[33m'#x1B[39;49;00m#x1B[33m#chat-message#x1B[39;49;00m#x1B[33m'#x1B[39;49;00m), #x1B[33m'#x1B[39;49;00m#x1B[33mNew draft after navigation#x1B[39;49;00m#x1B[33m'#x1B[39;49;00m)#x1B[90m#x1B[39;49;00m
&gt;       #x1B[96mself#x1B[39;49;00m.assertEqual(#x1B[96mself#x1B[39;49;00m.storage(#x1B[33m'#x1B[39;49;00m#x1B[33mchat-draft-existing-nova#x1B[39;49;00m#x1B[33m'#x1B[39;49;00m), #x1B[33m'#x1B[39;49;00m#x1B[33mNew draft after navigation#x1B[39;49;00m#x1B[33m'#x1B[39;49;00m)#x1B[90m#x1B[39;49;00m
#x1B[1m#x1B[31mE       AssertionError: '' != 'New draft after navigation'#x1B[0m
#x1B[1m#x1B[31mE       + New draft after navigation#x1B[0m

#x1B[1m#x1B[31mtests/test_c3_review_browser.py#x1B[0m:123: AssertionError</failure></testcase><testcase classname="tests.test_c3_review_browser.ClientRecoveryReview" name="test_lost_accepted_response_then_missing_ledger_stays_pending" time="1.249"><failure message="AssertionError: 'Not sent' == 'Not sent'">self = &lt;test_c3_review_browser.ClientRecoveryReview testMethod=test_lost_accepted_response_then_missing_ledger_stays_pending&gt;

    #x1B[0m#x1B[94mdef#x1B[39;49;00m#x1B[90m #x1B[39;49;00m#x1B[92mtest_lost_accepted_response_then_missing_ledger_stays_pending#x1B[39;49;00m(#x1B[96mself#x1B[39;49;00m):#x1B[90m#x1B[39;49;00m
        #x1B[96mself#x1B[39;49;00m.s.scenario(reply=#x1B[33m'#x1B[39;49;00m#x1B[33mThe server completed this request.#x1B[39;49;00m#x1B[33m'#x1B[39;49;00m)#x1B[90m#x1B[39;49;00m
        #x1B[96mself#x1B[39;49;00m.open()#x1B[90m#x1B[39;49;00m
        saved = {}#x1B[90m#x1B[39;49;00m
        ledger = sp.ledger_dir(#x1B[96mself#x1B[39;49;00m.s.home()) / sp.LEDGER_FILE#x1B[90m#x1B[39;49;00m
        kept = ledger.with_name(ledger.name + #x1B[33m'#x1B[39;49;00m#x1B[33m.review-kept#x1B[39;49;00m#x1B[33m'#x1B[39;49;00m)#x1B[90m#x1B[39;49;00m
    #x1B[90m#x1B[39;49;00m
        #x1B[94mdef#x1B[39;49;00m#x1B[90m #x1B[39;49;00m#x1B[92mlose_after_acceptance#x1B[39;49;00m(route):#x1B[90m#x1B[39;49;00m
            #x1B[94mif#x1B[39;49;00m route.request.method != #x1B[33m'#x1B[39;49;00m#x1B[33mPOST#x1B[39;49;00m#x1B[33m'#x1B[39;49;00m #x1B[95mor#x1B[39;49;00m saved:#x1B[90m#x1B[39;49;00m
                route.continue_()#x1B[90m#x1B[39;49;00m
                #x1B[94mreturn#x1B[39;49;00m#x1B[90m#x1B[39;49;00m
            reply = route.fetch()#x1B[90m#x1B[39;49;00m
            #x1B[96mself#x1B[39;49;00m.assertEqual(reply.status, #x1B[94m202#x1B[39;49;00m)#x1B[90m#x1B[39;49;00m
            accepted = reply.json()#x1B[90m#x1B[39;49;00m
            saved.update(accepted)#x1B[90m#x1B[39;49;00m
            receipt = #x1B[96mself#x1B[39;49;00m.s.settled(accepted[#x1B[33m'#x1B[39;49;00m#x1B[33msend#x1B[39;49;00m#x1B[33m'#x1B[39;49;00m][#x1B[33m'#x1B[39;49;00m#x1B[33msend_id#x1B[39;49;00m#x1B[33m'#x1B[39;49;00m])#x1B[90m#x1B[39;49;00m
            #x1B[96mself#x1B[39;49;00m.assertEqual(receipt[#x1B[33m'#x1B[39;49;00m#x1B[33mowner_turn#x1B[39;49;00m#x1B[33m'#x1B[39;49;00m], #x1B[33m'#x1B[39;49;00m#x1B[33mrecorded#x1B[39;49;00m#x1B[33m'#x1B[39;49;00m)#x1B[90m#x1B[39;49;00m
            until(#x1B[94mlambda#x1B[39;49;00m: #x1B[95mnot#x1B[39;49;00m #x1B[96mself#x1B[39;49;00m.s.app.state.operations.busy, what=#x1B[33m'#x1B[39;49;00m#x1B[33mworker idle before synthetic ledger loss#x1B[39;49;00m#x1B[33m'#x1B[39;49;00m)#x1B[90m#x1B[39;49;00m
            ledger.rename(kept)#x1B[90m#x1B[39;49;00m
            route.abort()#x1B[90m#x1B[39;49;00m
    #x1B[90m#x1B[39;49;00m
        #x1B[96mself#x1B[39;49;00m.page.route(#x1B[33m'#x1B[39;49;00m#x1B[33m**/api/chat/sends?*#x1B[39;49;00m#x1B[33m'#x1B[39;49;00m, lose_after_acceptance)#x1B[90m#x1B[39;49;00m
        #x1B[94mtry#x1B[39;49;00m:#x1B[90m#x1B[39;49;00m
            #x1B[96mself#x1B[39;49;00m.type_and_send(#x1B[33m'#x1B[39;49;00m#x1B[33mAn accepted request with a lost response#x1B[39;49;00m#x1B[33m'#x1B[39;49;00m)#x1B[90m#x1B[39;49;00m
            until(#x1B[94mlambda#x1B[39;49;00m: #x1B[96mlen#x1B[39;49;00m(#x1B[96mself#x1B[39;49;00m.keyed_posts()) &gt;= #x1B[94m2#x1B[39;49;00m, timeout=#x1B[94m20#x1B[39;49;00m, what=#x1B[33m'#x1B[39;49;00m#x1B[33mthe original-key recovery POST#x1B[39;49;00m#x1B[33m'#x1B[39;49;00m)#x1B[90m#x1B[39;49;00m
            pause(#x1B[94m0.2#x1B[39;49;00m)#x1B[90m#x1B[39;49;00m
&gt;           #x1B[96mself#x1B[39;49;00m.assertNotEqual(#x1B[96mself#x1B[39;49;00m.status_of(#x1B[33m'#x1B[39;49;00m#x1B[33mAn accepted request with a lost response#x1B[39;49;00m#x1B[33m'#x1B[39;49;00m), #x1B[33m'#x1B[39;49;00m#x1B[33mNot sent#x1B[39;49;00m#x1B[33m'#x1B[39;49;00m)#x1B[90m#x1B[39;49;00m
#x1B[1m#x1B[31mE           AssertionError: 'Not sent' == 'Not sent'#x1B[0m

#x1B[1m#x1B[31mtests/test_c3_review_browser.py#x1B[0m:71: AssertionError</failure></testcase><testcase classname="tests.test_c3_review_browser.ClientRecoveryReview" name="test_receipt_outage_does_not_forget_an_accepted_intent" time="0.742"><failure message="AssertionError: unexpectedly None">self = &lt;test_c3_review_browser.ClientRecoveryReview testMethod=test_receipt_outage_does_not_forget_an_accepted_intent&gt;

    #x1B[0m#x1B[94mdef#x1B[39;49;00m#x1B[90m #x1B[39;49;00m#x1B[92mtest_receipt_outage_does_not_forget_an_accepted_intent#x1B[39;49;00m(#x1B[96mself#x1B[39;49;00m):#x1B[90m#x1B[39;49;00m
        #x1B[96mself#x1B[39;49;00m.s.gated([#x1B[33m'#x1B[39;49;00m#x1B[33mThe reply is running. #x1B[39;49;00m#x1B[33m'#x1B[39;49;00m, #x1B[33m'#x1B[39;49;00m#x1B[33mNow complete.#x1B[39;49;00m#x1B[33m'#x1B[39;49;00m])#x1B[90m#x1B[39;49;00m
        #x1B[96mself#x1B[39;49;00m.open()#x1B[90m#x1B[39;49;00m
        #x1B[96mself#x1B[39;49;00m.page.route(#x1B[33m'#x1B[39;49;00m#x1B[33m**/api/operations/*#x1B[39;49;00m#x1B[33m'#x1B[39;49;00m, #x1B[94mlambda#x1B[39;49;00m r: r.fulfill(#x1B[90m#x1B[39;49;00m
            status=#x1B[94m404#x1B[39;49;00m, content_type=#x1B[33m'#x1B[39;49;00m#x1B[33mapplication/json#x1B[39;49;00m#x1B[33m'#x1B[39;49;00m, body=#x1B[33m'#x1B[39;49;00m#x1B[33m{#x1B[39;49;00m#x1B[33m"#x1B[39;49;00m#x1B[33merror#x1B[39;49;00m#x1B[33m"#x1B[39;49;00m#x1B[33m:#x1B[39;49;00m#x1B[33m"#x1B[39;49;00m#x1B[33mnot_found#x1B[39;49;00m#x1B[33m"#x1B[39;49;00m#x1B[33m}#x1B[39;49;00m#x1B[33m'#x1B[39;49;00m))#x1B[90m#x1B[39;49;00m
        #x1B[90m# This URL pattern targets direct send-id reads, not bootstrap or POST /sends.#x1B[39;49;00m#x1B[90m#x1B[39;49;00m
        #x1B[94mdef#x1B[39;49;00m#x1B[90m #x1B[39;49;00m#x1B[92mreceipt_unavailable#x1B[39;49;00m(route):#x1B[90m#x1B[39;49;00m
            #x1B[94mif#x1B[39;49;00m #x1B[33m'#x1B[39;49;00m#x1B[33m/bootstrap#x1B[39;49;00m#x1B[33m'#x1B[39;49;00m #x1B[95min#x1B[39;49;00m route.request.url:#x1B[90m#x1B[39;49;00m
                route.continue_()#x1B[90m#x1B[39;49;00m
            #x1B[94melse#x1B[39;49;00m:#x1B[90m#x1B[39;49;00m
                route.fulfill(status=#x1B[94m503#x1B[39;49;00m, content_type=#x1B[33m'#x1B[39;49;00m#x1B[33mapplication/json#x1B[39;49;00m#x1B[33m'#x1B[39;49;00m, body=#x1B[33m'#x1B[39;49;00m#x1B[33m{#x1B[39;49;00m#x1B[33m"#x1B[39;49;00m#x1B[33merror#x1B[39;49;00m#x1B[33m"#x1B[39;49;00m#x1B[33m:#x1B[39;49;00m#x1B[33m"#x1B[39;49;00m#x1B[33msource_unavailable#x1B[39;49;00m#x1B[33m"#x1B[39;49;00m#x1B[33m}#x1B[39;49;00m#x1B[33m'#x1B[39;49;00m)#x1B[90m#x1B[39;49;00m
        #x1B[96mself#x1B[39;49;00m.page.route(#x1B[33m'#x1B[39;49;00m#x1B[33m**/api/chat/sends/*#x1B[39;49;00m#x1B[33m'#x1B[39;49;00m, receipt_unavailable)#x1B[90m#x1B[39;49;00m
        #x1B[94mtry#x1B[39;49;00m:#x1B[90m#x1B[39;49;00m
            #x1B[96mself#x1B[39;49;00m.type_and_send(#x1B[33m'#x1B[39;49;00m#x1B[33mKeep my accepted request#x1B[39;49;00m#x1B[33m'#x1B[39;49;00m)#x1B[90m#x1B[39;49;00m
            until(#x1B[94mlambda#x1B[39;49;00m: #x1B[96mself#x1B[39;49;00m.s.reached(#x1B[94m1#x1B[39;49;00m), what=#x1B[33m'#x1B[39;49;00m#x1B[33mexecutor paused#x1B[39;49;00m#x1B[33m'#x1B[39;49;00m)#x1B[90m#x1B[39;49;00m
            until(#x1B[94mlambda#x1B[39;49;00m: #x1B[96many#x1B[39;49;00m(#x1B[33m'#x1B[39;49;00m#x1B[33m/api/chat/sends/snd_#x1B[39;49;00m#x1B[33m'#x1B[39;49;00m #x1B[95min#x1B[39;49;00m u #x1B[94mfor#x1B[39;49;00m _, u, _ #x1B[95min#x1B[39;49;00m #x1B[96mself#x1B[39;49;00m.requests),#x1B[90m#x1B[39;49;00m
                  what=#x1B[33m'#x1B[39;49;00m#x1B[33mreceipt fallback request#x1B[39;49;00m#x1B[33m'#x1B[39;49;00m)#x1B[90m#x1B[39;49;00m
            pause(#x1B[94m0.2#x1B[39;49;00m)#x1B[90m#x1B[39;49;00m
&gt;           #x1B[96mself#x1B[39;49;00m.assertIsNotNone(#x1B[96mself#x1B[39;49;00m.pending())#x1B[90m#x1B[39;49;00m
#x1B[1m#x1B[31mE           AssertionError: unexpectedly None#x1B[0m

#x1B[1m#x1B[31mtests/test_c3_review_browser.py#x1B[0m:99: AssertionError</failure></testcase><testcase classname="tests.test_c3_review_browser.ClientRecoveryReview" name="test_sign_in_expiry_before_acceptance_can_resume_the_same_key" time="15.549"><failure message="AssertionError: timed out waiting for reply 'Recovered after signing in.'">self = &lt;test_c3_review_browser.ClientRecoveryReview testMethod=test_sign_in_expiry_before_acceptance_can_resume_the_same_key&gt;

    #x1B[0m#x1B[94mdef#x1B[39;49;00m#x1B[90m #x1B[39;49;00m#x1B[92mtest_sign_in_expiry_before_acceptance_can_resume_the_same_key#x1B[39;49;00m(#x1B[96mself#x1B[39;49;00m):#x1B[90m#x1B[39;49;00m
        #x1B[96mself#x1B[39;49;00m.s.scenario(reply=#x1B[33m'#x1B[39;49;00m#x1B[33mRecovered after signing in.#x1B[39;49;00m#x1B[33m'#x1B[39;49;00m)#x1B[90m#x1B[39;49;00m
        expired = {#x1B[33m'#x1B[39;49;00m#x1B[33mon#x1B[39;49;00m#x1B[33m'#x1B[39;49;00m: #x1B[94mTrue#x1B[39;49;00m}#x1B[90m#x1B[39;49;00m
        #x1B[96mself#x1B[39;49;00m.open()#x1B[90m#x1B[39;49;00m
    #x1B[90m#x1B[39;49;00m
        #x1B[94mdef#x1B[39;49;00m#x1B[90m #x1B[39;49;00m#x1B[92mgate#x1B[39;49;00m(route):#x1B[90m#x1B[39;49;00m
            #x1B[94mif#x1B[39;49;00m route.request.method == #x1B[33m'#x1B[39;49;00m#x1B[33mPOST#x1B[39;49;00m#x1B[33m'#x1B[39;49;00m #x1B[95mand#x1B[39;49;00m expired[#x1B[33m'#x1B[39;49;00m#x1B[33mon#x1B[39;49;00m#x1B[33m'#x1B[39;49;00m]:#x1B[90m#x1B[39;49;00m
                route.fulfill(status=#x1B[94m401#x1B[39;49;00m, content_type=#x1B[33m'#x1B[39;49;00m#x1B[33mapplication/json#x1B[39;49;00m#x1B[33m'#x1B[39;49;00m, body=#x1B[33m'#x1B[39;49;00m#x1B[33m{#x1B[39;49;00m#x1B[33m"#x1B[39;49;00m#x1B[33merror#x1B[39;49;00m#x1B[33m"#x1B[39;49;00m#x1B[33m:#x1B[39;49;00m#x1B[33m"#x1B[39;49;00m#x1B[33munauthorized#x1B[39;49;00m#x1B[33m"#x1B[39;49;00m#x1B[33m}#x1B[39;49;00m#x1B[33m'#x1B[39;49;00m)#x1B[90m#x1B[39;49;00m
            #x1B[94melse#x1B[39;49;00m:#x1B[90m#x1B[39;49;00m
                route.continue_()#x1B[90m#x1B[39;49;00m
    #x1B[90m#x1B[39;49;00m
        #x1B[96mself#x1B[39;49;00m.page.route(#x1B[33m'#x1B[39;49;00m#x1B[33m**/api/chat/sends?*#x1B[39;49;00m#x1B[33m'#x1B[39;49;00m, gate)#x1B[90m#x1B[39;49;00m
        #x1B[96mself#x1B[39;49;00m.type_and_send(#x1B[33m'#x1B[39;49;00m#x1B[33mA request before acceptance#x1B[39;49;00m#x1B[33m'#x1B[39;49;00m)#x1B[90m#x1B[39;49;00m
        #x1B[96mself#x1B[39;49;00m.wait_status(#x1B[33m'#x1B[39;49;00m#x1B[33mA request before acceptance#x1B[39;49;00m#x1B[33m'#x1B[39;49;00m, WORDS[#x1B[33m'#x1B[39;49;00m#x1B[33msigned_out#x1B[39;49;00m#x1B[33m'#x1B[39;49;00m])#x1B[90m#x1B[39;49;00m
        original = #x1B[96mself#x1B[39;49;00m.pending()[#x1B[33m'#x1B[39;49;00m#x1B[33mclient_key#x1B[39;49;00m#x1B[33m'#x1B[39;49;00m]#x1B[90m#x1B[39;49;00m
        expired[#x1B[33m'#x1B[39;49;00m#x1B[33mon#x1B[39;49;00m#x1B[33m'#x1B[39;49;00m] = #x1B[94mFalse#x1B[39;49;00m#x1B[90m#x1B[39;49;00m
        #x1B[96mself#x1B[39;49;00m.page.click(#x1B[33m'#x1B[39;49;00m#x1B[33m#chat-log button:has-text(#x1B[39;49;00m#x1B[33m"#x1B[39;49;00m#x1B[33mCheck now#x1B[39;49;00m#x1B[33m"#x1B[39;49;00m#x1B[33m)#x1B[39;49;00m#x1B[33m'#x1B[39;49;00m)#x1B[90m#x1B[39;49;00m
&gt;       #x1B[96mself#x1B[39;49;00m.wait_reply(#x1B[33m'#x1B[39;49;00m#x1B[33mRecovered after signing in.#x1B[39;49;00m#x1B[33m'#x1B[39;49;00m, timeout=#x1B[94m15#x1B[39;49;00m)#x1B[90m#x1B[39;49;00m

#x1B[1m#x1B[31mtests/test_c3_review_browser.py#x1B[0m:40: 
_ _ _ _ _ _ _ _ _ _ _ _ _ _ _ _ _ _ _ _ _ _ _ _ _ _ _ _ _ _ _ _ _ _ _ _ _ _ _ _ 
#x1B[1m#x1B[31mtests/test_phase1b_c3_browser.py#x1B[0m:133: in wait_reply
    #x1B[0muntil(#x1B[94mlambda#x1B[39;49;00m: #x1B[96mself#x1B[39;49;00m.bubbles(text, owner=#x1B[94mFalse#x1B[39;49;00m) &gt;= #x1B[94m1#x1B[39;49;00m, timeout, what=#x1B[33mf#x1B[39;49;00m#x1B[33m'#x1B[39;49;00m#x1B[33mreply #x1B[39;49;00m#x1B[33m{#x1B[39;49;00mtext#x1B[33m!r}#x1B[39;49;00m#x1B[33m'#x1B[39;49;00m)#x1B[90m#x1B[39;49;00m
_ _ _ _ _ _ _ _ _ _ _ _ _ _ _ _ _ _ _ _ _ _ _ _ _ _ _ _ _ _ _ _ _ _ _ _ _ _ _ _ 

pred = &lt;function Browser.wait_reply.&lt;locals&gt;.&lt;lambda&gt; at 0x7fa605a3c720&gt;
timeout = 15, interval = 0.05, what = "reply 'Recovered after signing in.'"

    #x1B[0m#x1B[94mdef#x1B[39;49;00m#x1B[90m #x1B[39;49;00m#x1B[92muntil#x1B[39;49;00m(pred, timeout=#x1B[94m30.0#x1B[39;49;00m, interval=#x1B[94m0.05#x1B[39;49;00m, what=#x1B[33m'#x1B[39;49;00m#x1B[33mcondition#x1B[39;49;00m#x1B[33m'#x1B[39;49;00m):#x1B[90m#x1B[39;49;00m
        end = time.monotonic() + timeout#x1B[90m#x1B[39;49;00m
        #x1B[94mwhile#x1B[39;49;00m time.monotonic() &lt; end:#x1B[90m#x1B[39;49;00m
            value = pred()#x1B[90m#x1B[39;49;00m
            #x1B[94mif#x1B[39;49;00m value:#x1B[90m#x1B[39;49;00m
                #x1B[94mreturn#x1B[39;49;00m value#x1B[90m#x1B[39;49;00m
            pause(interval)#x1B[90m#x1B[39;49;00m
&gt;       #x1B[94mraise#x1B[39;49;00m #x1B[96mAssertionError#x1B[39;49;00m(#x1B[33mf#x1B[39;49;00m#x1B[33m'#x1B[39;49;00m#x1B[33mtimed out waiting for #x1B[39;49;00m#x1B[33m{#x1B[39;49;00mwhat#x1B[33m}#x1B[39;49;00m#x1B[33m'#x1B[39;49;00m)#x1B[90m#x1B[39;49;00m
#x1B[1m#x1B[31mE       AssertionError: timed out waiting for reply 'Recovered after signing in.'#x1B[0m

#x1B[1m#x1B[31mtests/test_phase1b_c3_browser.py#x1B[0m:58: AssertionError</failure></testcase><testcase classname="tests.test_c3_review_browser.PreviouslyDisclosedGates" name="test_reload_during_turn_does_not_add_a_second_transcript_owner_bubble" time="1.404"><failure message="AssertionError: 2 != 1">self = &lt;test_c3_review_browser.PreviouslyDisclosedGates testMethod=test_reload_during_turn_does_not_add_a_second_transcript_owner_bubble&gt;

    #x1B[0m#x1B[94mdef#x1B[39;49;00m#x1B[90m #x1B[39;49;00m#x1B[92mtest_reload_during_turn_does_not_add_a_second_transcript_owner_bubble#x1B[39;49;00m(#x1B[96mself#x1B[39;49;00m):#x1B[90m#x1B[39;49;00m
        #x1B[90m# Known submitted limitation, NOT a newly executed reviewer failure.#x1B[39;49;00m#x1B[90m#x1B[39;49;00m
        #x1B[90m# A separate pending-request status is permitted; a second transcript message is not.#x1B[39;49;00m#x1B[90m#x1B[39;49;00m
        #x1B[96mself#x1B[39;49;00m.s.gated([#x1B[33m'#x1B[39;49;00m#x1B[33mWorking. #x1B[39;49;00m#x1B[33m'#x1B[39;49;00m, #x1B[33m'#x1B[39;49;00m#x1B[33mFinished.#x1B[39;49;00m#x1B[33m'#x1B[39;49;00m])#x1B[90m#x1B[39;49;00m
        #x1B[96mself#x1B[39;49;00m.open()#x1B[90m#x1B[39;49;00m
        #x1B[96mself#x1B[39;49;00m.type_and_send(#x1B[33m'#x1B[39;49;00m#x1B[33mOne owner message after reload#x1B[39;49;00m#x1B[33m'#x1B[39;49;00m)#x1B[90m#x1B[39;49;00m
        until(#x1B[94mlambda#x1B[39;49;00m: #x1B[96mself#x1B[39;49;00m.s.reached(#x1B[94m1#x1B[39;49;00m), what=#x1B[33m'#x1B[39;49;00m#x1B[33mowner committed, reply paused#x1B[39;49;00m#x1B[33m'#x1B[39;49;00m)#x1B[90m#x1B[39;49;00m
        #x1B[94mtry#x1B[39;49;00m:#x1B[90m#x1B[39;49;00m
            #x1B[96mself#x1B[39;49;00m.page.reload()#x1B[90m#x1B[39;49;00m
            #x1B[96mself#x1B[39;49;00m.page.wait_for_selector(#x1B[33m'#x1B[39;49;00m#x1B[33m#chat-message#x1B[39;49;00m#x1B[33m'#x1B[39;49;00m)#x1B[90m#x1B[39;49;00m
            #x1B[96mself#x1B[39;49;00m.page.wait_for_function(#x1B[33m"#x1B[39;49;00m#x1B[33m!document.querySelector(#x1B[39;49;00m#x1B[33m'#x1B[39;49;00m#x1B[33m.chat-loading#x1B[39;49;00m#x1B[33m'#x1B[39;49;00m#x1B[33m)#x1B[39;49;00m#x1B[33m"#x1B[39;49;00m)#x1B[90m#x1B[39;49;00m
            until(#x1B[94mlambda#x1B[39;49;00m: #x1B[96mself#x1B[39;49;00m.pending() #x1B[95mand#x1B[39;49;00m #x1B[96mself#x1B[39;49;00m.pending().get(#x1B[33m'#x1B[39;49;00m#x1B[33msend_id#x1B[39;49;00m#x1B[33m'#x1B[39;49;00m), what=#x1B[33m'#x1B[39;49;00m#x1B[33mpending restored#x1B[39;49;00m#x1B[33m'#x1B[39;49;00m)#x1B[90m#x1B[39;49;00m
            pause(#x1B[94m0.5#x1B[39;49;00m)#x1B[90m#x1B[39;49;00m
&gt;           #x1B[96mself#x1B[39;49;00m.assertEqual(#x1B[96mself#x1B[39;49;00m.bubbles(#x1B[33m'#x1B[39;49;00m#x1B[33mOne owner message after reload#x1B[39;49;00m#x1B[33m'#x1B[39;49;00m), #x1B[94m1#x1B[39;49;00m)#x1B[90m#x1B[39;49;00m
#x1B[1m#x1B[31mE           AssertionError: 2 != 1#x1B[0m

#x1B[1m#x1B[31mtests/test_c3_review_browser.py#x1B[0m:141: AssertionError</failure></testcase><testcase classname="tests.test_c3_review_browser.PreviouslyDisclosedGates" name="test_send_again_recheck_refuses_live_or_unproven_receipt" time="1.080"><failure message="TypeError: Page.inner_text: Object of type Request is not JSON serializable">self = &lt;test_c3_review_browser.PreviouslyDisclosedGates testMethod=test_send_again_recheck_refuses_live_or_unproven_receipt&gt;

    #x1B[0m#x1B[94mdef#x1B[39;49;00m#x1B[90m #x1B[39;49;00m#x1B[92mtest_send_again_recheck_refuses_live_or_unproven_receipt#x1B[39;49;00m(#x1B[96mself#x1B[39;49;00m):#x1B[90m#x1B[39;49;00m
        #x1B[90m# UI guard test only: the execution is a real fake-Hermes unknown outcome,#x1B[39;49;00m#x1B[90m#x1B[39;49;00m
        #x1B[90m# and only its status response at confirmation is replaced. Not OS liveness evidence.#x1B[39;49;00m#x1B[90m#x1B[39;49;00m
        #x1B[96mself#x1B[39;49;00m.s.scenario(kill_at=#x1B[33m'#x1B[39;49;00m#x1B[33mafter_owner_row#x1B[39;49;00m#x1B[33m'#x1B[39;49;00m)#x1B[90m#x1B[39;49;00m
        #x1B[96mself#x1B[39;49;00m.open()#x1B[90m#x1B[39;49;00m
        #x1B[96mself#x1B[39;49;00m.type_and_send(#x1B[33m'#x1B[39;49;00m#x1B[33mCheck quiescence at confirmation#x1B[39;49;00m#x1B[33m'#x1B[39;49;00m)#x1B[90m#x1B[39;49;00m
        #x1B[96mself#x1B[39;49;00m.wait_status(#x1B[33m'#x1B[39;49;00m#x1B[33mCheck quiescence at confirmation#x1B[39;49;00m#x1B[33m'#x1B[39;49;00m, WORDS[#x1B[33m'#x1B[39;49;00m#x1B[33munknown#x1B[39;49;00m#x1B[33m'#x1B[39;49;00m], timeout=#x1B[94m60#x1B[39;49;00m)#x1B[90m#x1B[39;49;00m
        before_posts = #x1B[96mlen#x1B[39;49;00m(#x1B[96mself#x1B[39;49;00m.keyed_posts())#x1B[90m#x1B[39;49;00m
        send = #x1B[96mself#x1B[39;49;00m.s.sends()[#x1B[94m0#x1B[39;49;00m]#x1B[90m#x1B[39;49;00m
        #x1B[94mfor#x1B[39;49;00m liveness #x1B[95min#x1B[39;49;00m (#x1B[33m'#x1B[39;49;00m#x1B[33mlive#x1B[39;49;00m#x1B[33m'#x1B[39;49;00m, #x1B[33m'#x1B[39;49;00m#x1B[33munproven#x1B[39;49;00m#x1B[33m'#x1B[39;49;00m):#x1B[90m#x1B[39;49;00m
            #x1B[94mdef#x1B[39;49;00m#x1B[90m #x1B[39;49;00m#x1B[92mrefuse#x1B[39;49;00m(route, value=liveness):#x1B[90m#x1B[39;49;00m
                response = route.fetch()#x1B[90m#x1B[39;49;00m
                receipt = response.json()#x1B[90m#x1B[39;49;00m
                receipt.update(state=#x1B[33m'#x1B[39;49;00m#x1B[33munknown#x1B[39;49;00m#x1B[33m'#x1B[39;49;00m, liveness=value, settled=#x1B[94mFalse#x1B[39;49;00m)#x1B[90m#x1B[39;49;00m
                route.fulfill(status=#x1B[94m200#x1B[39;49;00m, content_type=#x1B[33m'#x1B[39;49;00m#x1B[33mapplication/json#x1B[39;49;00m#x1B[33m'#x1B[39;49;00m, body=json.dumps(receipt))#x1B[90m#x1B[39;49;00m
            pattern = #x1B[33m'#x1B[39;49;00m#x1B[33m**/api/chat/sends/#x1B[39;49;00m#x1B[33m'#x1B[39;49;00m + send[#x1B[33m'#x1B[39;49;00m#x1B[33msend_id#x1B[39;49;00m#x1B[33m'#x1B[39;49;00m] + #x1B[33m'#x1B[39;49;00m#x1B[33m?*#x1B[39;49;00m#x1B[33m'#x1B[39;49;00m#x1B[90m#x1B[39;49;00m
            #x1B[96mself#x1B[39;49;00m.page.route(pattern, refuse)#x1B[90m#x1B[39;49;00m
            #x1B[96mself#x1B[39;49;00m.page.click(#x1B[33m'#x1B[39;49;00m#x1B[33m#chat-log button:has-text(#x1B[39;49;00m#x1B[33m"#x1B[39;49;00m#x1B[33mSend again#x1B[39;49;00m#x1B[33m"#x1B[39;49;00m#x1B[33m)#x1B[39;49;00m#x1B[33m'#x1B[39;49;00m)#x1B[90m#x1B[39;49;00m
            #x1B[96mself#x1B[39;49;00m.page.click(#x1B[33m'#x1B[39;49;00m#x1B[33m#chat-log button:has-text(#x1B[39;49;00m#x1B[33m"#x1B[39;49;00m#x1B[33mSend anyway#x1B[39;49;00m#x1B[33m"#x1B[39;49;00m#x1B[33m)#x1B[39;49;00m#x1B[33m'#x1B[39;49;00m)#x1B[90m#x1B[39;49;00m
&gt;           until(#x1B[94mlambda#x1B[39;49;00m: #x1B[33m'#x1B[39;49;00m#x1B[33mnot yet proven finished#x1B[39;49;00m#x1B[33m'#x1B[39;49;00m #x1B[95min#x1B[39;49;00m #x1B[96mself#x1B[39;49;00m.page.inner_text(#x1B[33m'#x1B[39;49;00m#x1B[33m#chat-status#x1B[39;49;00m#x1B[33m'#x1B[39;49;00m),#x1B[90m#x1B[39;49;00m
                  what=#x1B[33m'#x1B[39;49;00m#x1B[33mthe live/unproven recheck to refuse#x1B[39;49;00m#x1B[33m'#x1B[39;49;00m)#x1B[90m#x1B[39;49;00m

#x1B[1m#x1B[31mtests/test_c3_review_browser.py#x1B[0m:164: 
_ _ _ _ _ _ _ _ _ _ _ _ _ _ _ _ _ _ _ _ _ _ _ _ _ _ _ _ _ _ _ _ _ _ _ _ _ _ _ _ 
#x1B[1m#x1B[31mtests/test_phase1b_c3_browser.py#x1B[0m:54: in until
    #x1B[0mvalue = pred()#x1B[90m#x1B[39;49;00m
            ^^^^^^#x1B[90m#x1B[39;49;00m
#x1B[1m#x1B[31mtests/test_c3_review_browser.py#x1B[0m:164: in &lt;lambda&gt;
    #x1B[0muntil(#x1B[94mlambda#x1B[39;49;00m: #x1B[33m'#x1B[39;49;00m#x1B[33mnot yet proven finished#x1B[39;49;00m#x1B[33m'#x1B[39;49;00m #x1B[95min#x1B[39;49;00m #x1B[96mself#x1B[39;49;00m.page.inner_text(#x1B[33m'#x1B[39;49;00m#x1B[33m#chat-status#x1B[39;49;00m#x1B[33m'#x1B[39;49;00m),#x1B[90m#x1B[39;49;00m
                                               ^^^^^^^^^^^^^^^^^^^^^^^^^^^^^^^^^^^^#x1B[90m#x1B[39;49;00m
#x1B[1m#x1B[31m.venv/lib/python3.14/site-packages/playwright/sync_api/_generated.py#x1B[0m:12008: in inner_text
    #x1B[0m#x1B[96mself#x1B[39;49;00m._sync(#x1B[90m#x1B[39;49;00m
#x1B[1m#x1B[31m.venv/lib/python3.14/site-packages/playwright/_impl/_page.py#x1B[0m:1020: in inner_text
    #x1B[0m#x1B[94mreturn#x1B[39;49;00m #x1B[94mawait#x1B[39;49;00m #x1B[96mself#x1B[39;49;00m._main_frame.inner_text(**locals_to_params(#x1B[96mlocals#x1B[39;49;00m()))#x1B[90m#x1B[39;49;00m
           ^^^^^^^^^^^^^^^^^^^^^^^^^^^^^^^^^^^^^^^^^^^^^^^^^^^^^^^^^^^^^^^#x1B[90m#x1B[39;49;00m
#x1B[1m#x1B[31m.venv/lib/python3.14/site-packages/playwright/_impl/_frame.py#x1B[0m:744: in inner_text
    #x1B[0m#x1B[94mreturn#x1B[39;49;00m #x1B[94mawait#x1B[39;49;00m #x1B[96mself#x1B[39;49;00m._channel.send(#x1B[90m#x1B[39;49;00m
#x1B[1m#x1B[31m.venv/lib/python3.14/site-packages/playwright/_impl/_connection.py#x1B[0m:76: in send
    #x1B[0m#x1B[94mreturn#x1B[39;49;00m #x1B[94mawait#x1B[39;49;00m #x1B[96mself#x1B[39;49;00m._connection.wrap_api_call(#x1B[90m#x1B[39;49;00m
_ _ _ _ _ _ _ _ _ _ _ _ _ _ _ _ _ _ _ _ _ _ _ _ _ _ _ _ _ _ _ _ _ _ _ _ _ _ _ _ 

self = &lt;playwright._impl._connection.Connection object at 0x7fa6056db490&gt;
cb = &lt;function Channel.send.&lt;locals&gt;.&lt;lambda&gt; at 0x7fa6057fe1f0&gt;
is_internal = False, title = None

    #x1B[0m#x1B[94masync#x1B[39;49;00m #x1B[94mdef#x1B[39;49;00m#x1B[90m #x1B[39;49;00m#x1B[92mwrap_api_call#x1B[39;49;00m(#x1B[90m#x1B[39;49;00m
        #x1B[96mself#x1B[39;49;00m, cb: Callable[[], Any], is_internal: #x1B[96mbool#x1B[39;49;00m = #x1B[94mFalse#x1B[39;49;00m, title: #x1B[96mstr#x1B[39;49;00m = #x1B[94mNone#x1B[39;49;00m#x1B[90m#x1B[39;49;00m
    ) -&gt; Any:#x1B[90m#x1B[39;49;00m
        #x1B[94mif#x1B[39;49;00m #x1B[96mself#x1B[39;49;00m._api_zone.get():#x1B[90m#x1B[39;49;00m
            #x1B[94mreturn#x1B[39;49;00m #x1B[94mawait#x1B[39;49;00m cb()#x1B[90m#x1B[39;49;00m
        task = asyncio.current_task(#x1B[96mself#x1B[39;49;00m._loop)#x1B[90m#x1B[39;49;00m
        parsed_st = _attach_api_call_information(#x1B[90m#x1B[39;49;00m
            #x1B[96mgetattr#x1B[39;49;00m(task, #x1B[33m"#x1B[39;49;00m#x1B[33m__pw_stack__#x1B[39;49;00m#x1B[33m"#x1B[39;49;00m, #x1B[94mNone#x1B[39;49;00m) #x1B[95mor#x1B[39;49;00m _capture_stack_trace(),#x1B[90m#x1B[39;49;00m
            is_internal,#x1B[90m#x1B[39;49;00m
            title,#x1B[90m#x1B[39;49;00m
        )#x1B[90m#x1B[39;49;00m
        #x1B[96mself#x1B[39;49;00m._api_zone.set(parsed_st)#x1B[90m#x1B[39;49;00m
        #x1B[94mtry#x1B[39;49;00m:#x1B[90m#x1B[39;49;00m
            #x1B[94mreturn#x1B[39;49;00m #x1B[94mawait#x1B[39;49;00m cb()#x1B[90m#x1B[39;49;00m
        #x1B[94mexcept#x1B[39;49;00m #x1B[96mException#x1B[39;49;00m #x1B[94mas#x1B[39;49;00m error:#x1B[90m#x1B[39;49;00m
&gt;           #x1B[94mraise#x1B[39;49;00m rewrite_error(error, #x1B[33mf#x1B[39;49;00m#x1B[33m"#x1B[39;49;00m#x1B[33m{#x1B[39;49;00mparsed_st[#x1B[33m'#x1B[39;49;00m#x1B[33mapiName#x1B[39;49;00m#x1B[33m'#x1B[39;49;00m]#x1B[33m}#x1B[39;49;00m#x1B[33m: #x1B[39;49;00m#x1B[33m{#x1B[39;49;00merror#x1B[33m}#x1B[39;49;00m#x1B[33m"#x1B[39;49;00m) #x1B[94mfrom#x1B[39;49;00m#x1B[90m #x1B[39;49;00m#x1B[94mNone#x1B[39;49;00m#x1B[90m#x1B[39;49;00m
#x1B[1m#x1B[31mE           TypeError: Page.inner_text: Object of type Request is not JSON serializable#x1B[0m

#x1B[1m#x1B[31m.venv/lib/python3.14/site-packages/playwright/_impl/_connection.py#x1B[0m:632: TypeError</failure></testcase></testsuite></testsuites>