<?xml version='1.0' encoding='utf-8'?>
<testsuites name="pytest tests"><testsuite name="pytest" errors="0" failures="5" skipped="0" tests="5" time="85.081" timestamp="2026-09-24T22:18:14.683902-04:00" hostname="&lt;host&gt;"><testcase classname="tests.test_phase1b_c3_recovery_browser.RecoveryClosure" name="test_navigation_during_bootstrap_without_typing_does_not_bring_the_sent_text_back" time="1.299"><failure message="AssertionError: 'Sent before navigating' != ''&#10;- Sent before navigating&#10; : the unedited submitted draft is cleared">self = &lt;test_phase1b_c3_recovery_browser.RecoveryClosure testMethod=test_navigation_during_bootstrap_without_typing_does_not_bring_the_sent_text_back&gt;

    #x1B[0m#x1B[94mdef#x1B[39;49;00m#x1B[90m #x1B[39;49;00m#x1B[92mtest_navigation_during_bootstrap_without_typing_does_not_bring_the_sent_text_back#x1B[39;49;00m(#x1B[96mself#x1B[39;49;00m):#x1B[90m#x1B[39;49;00m
        #x1B[96mself#x1B[39;49;00m.s.scenario(reply=#x1B[33m'#x1B[39;49;00m#x1B[33mAnswered once.#x1B[39;49;00m#x1B[33m'#x1B[39;49;00m)#x1B[90m#x1B[39;49;00m
        #x1B[96mself#x1B[39;49;00m.open()#x1B[90m#x1B[39;49;00m
        held = []#x1B[90m#x1B[39;49;00m
        #x1B[96mself#x1B[39;49;00m.page.route(#x1B[33m'#x1B[39;49;00m#x1B[33m**/api/chat/sends/bootstrap?*#x1B[39;49;00m#x1B[33m'#x1B[39;49;00m, #x1B[94mlambda#x1B[39;49;00m r: held.append(r))#x1B[90m#x1B[39;49;00m
        #x1B[96mself#x1B[39;49;00m.type_and_send(#x1B[33m'#x1B[39;49;00m#x1B[33mSent before navigating#x1B[39;49;00m#x1B[33m'#x1B[39;49;00m)#x1B[90m#x1B[39;49;00m
        until(#x1B[94mlambda#x1B[39;49;00m: held, what=#x1B[33m'#x1B[39;49;00m#x1B[33mbootstrap held#x1B[39;49;00m#x1B[33m'#x1B[39;49;00m)#x1B[90m#x1B[39;49;00m
        #x1B[96mself#x1B[39;49;00m.page.evaluate(#x1B[33m"#x1B[39;49;00m#x1B[33m()=&gt;showTab(#x1B[39;49;00m#x1B[33m'#x1B[39;49;00m#x1B[33mnow#x1B[39;49;00m#x1B[33m'#x1B[39;49;00m#x1B[33m)#x1B[39;49;00m#x1B[33m"#x1B[39;49;00m)#x1B[90m#x1B[39;49;00m
        #x1B[96mself#x1B[39;49;00m.page.evaluate(#x1B[33m"#x1B[39;49;00m#x1B[33m()=&gt;showTab(#x1B[39;49;00m#x1B[33m'#x1B[39;49;00m#x1B[33mchat#x1B[39;49;00m#x1B[33m'#x1B[39;49;00m#x1B[33m)#x1B[39;49;00m#x1B[33m"#x1B[39;49;00m)#x1B[90m#x1B[39;49;00m
        #x1B[96mself#x1B[39;49;00m.page.wait_for_selector(#x1B[33m'#x1B[39;49;00m#x1B[33m#chat-message#x1B[39;49;00m#x1B[33m'#x1B[39;49;00m)#x1B[90m#x1B[39;49;00m
        #x1B[96mself#x1B[39;49;00m.page.wait_for_function(#x1B[33m"#x1B[39;49;00m#x1B[33m!document.querySelector(#x1B[39;49;00m#x1B[33m'#x1B[39;49;00m#x1B[33m.chat-loading#x1B[39;49;00m#x1B[33m'#x1B[39;49;00m#x1B[33m)#x1B[39;49;00m#x1B[33m"#x1B[39;49;00m)#x1B[90m#x1B[39;49;00m
        held.pop(#x1B[94m0#x1B[39;49;00m).continue_()#x1B[90m#x1B[39;49;00m
        #x1B[96mself#x1B[39;49;00m.wait_reply(#x1B[33m'#x1B[39;49;00m#x1B[33mAnswered once.#x1B[39;49;00m#x1B[33m'#x1B[39;49;00m)#x1B[90m#x1B[39;49;00m
&gt;       #x1B[96mself#x1B[39;49;00m.assertEqual(#x1B[96mself#x1B[39;49;00m.page.input_value(#x1B[33m'#x1B[39;49;00m#x1B[33m#chat-message#x1B[39;49;00m#x1B[33m'#x1B[39;49;00m), #x1B[33m'#x1B[39;49;00m#x1B[33m'#x1B[39;49;00m, #x1B[33m'#x1B[39;49;00m#x1B[33mthe unedited submitted draft is cleared#x1B[39;49;00m#x1B[33m'#x1B[39;49;00m)#x1B[90m#x1B[39;49;00m
#x1B[1m#x1B[31mE       AssertionError: 'Sent before navigating' != ''#x1B[0m
#x1B[1m#x1B[31mE       - Sent before navigating#x1B[0m
#x1B[1m#x1B[31mE        : the unedited submitted draft is cleared#x1B[0m

#x1B[1m#x1B[31mtests/test_phase1b_c3_recovery_browser.py#x1B[0m:61: AssertionError</failure></testcase><testcase classname="tests.test_phase1b_c3_recovery_browser.RecoveryClosure" name="test_reload_with_an_equal_text_earlier_message_hides_nothing" time="31.013"><failure message="AssertionError: timed out waiting for the request status">self = &lt;test_phase1b_c3_recovery_browser.RecoveryClosure testMethod=test_reload_with_an_equal_text_earlier_message_hides_nothing&gt;

    #x1B[0m#x1B[94mdef#x1B[39;49;00m#x1B[90m #x1B[39;49;00m#x1B[92mtest_reload_with_an_equal_text_earlier_message_hides_nothing#x1B[39;49;00m(#x1B[96mself#x1B[39;49;00m):#x1B[90m#x1B[39;49;00m
        #x1B[90m# Control for the request status: no history row is matched or hidden by text.#x1B[39;49;00m#x1B[90m#x1B[39;49;00m
        #x1B[96mself#x1B[39;49;00m.s.scenario(reply=#x1B[33m'#x1B[39;49;00m#x1B[33mFirst answer.#x1B[39;49;00m#x1B[33m'#x1B[39;49;00m)#x1B[90m#x1B[39;49;00m
        #x1B[96mself#x1B[39;49;00m.open()#x1B[90m#x1B[39;49;00m
        #x1B[96mself#x1B[39;49;00m.type_and_send(#x1B[33m'#x1B[39;49;00m#x1B[33mSame words#x1B[39;49;00m#x1B[33m'#x1B[39;49;00m)#x1B[90m#x1B[39;49;00m
        #x1B[96mself#x1B[39;49;00m.wait_reply(#x1B[33m'#x1B[39;49;00m#x1B[33mFirst answer.#x1B[39;49;00m#x1B[33m'#x1B[39;49;00m)#x1B[90m#x1B[39;49;00m
        until(#x1B[94mlambda#x1B[39;49;00m: #x1B[96mself#x1B[39;49;00m.pending() #x1B[95mis#x1B[39;49;00m #x1B[94mNone#x1B[39;49;00m, what=#x1B[33m'#x1B[39;49;00m#x1B[33mfirst send settled#x1B[39;49;00m#x1B[33m'#x1B[39;49;00m)#x1B[90m#x1B[39;49;00m
        #x1B[96mself#x1B[39;49;00m.s.gated([#x1B[33m'#x1B[39;49;00m#x1B[33mSecond #x1B[39;49;00m#x1B[33m'#x1B[39;49;00m, #x1B[33m'#x1B[39;49;00m#x1B[33manswer.#x1B[39;49;00m#x1B[33m'#x1B[39;49;00m])#x1B[90m#x1B[39;49;00m
        #x1B[96mself#x1B[39;49;00m.type_and_send(#x1B[33m'#x1B[39;49;00m#x1B[33mSame words#x1B[39;49;00m#x1B[33m'#x1B[39;49;00m)#x1B[90m#x1B[39;49;00m
        until(#x1B[94mlambda#x1B[39;49;00m: #x1B[96mself#x1B[39;49;00m.s.reached(#x1B[94m1#x1B[39;49;00m), what=#x1B[33m'#x1B[39;49;00m#x1B[33msecond owner recorded, reply paused#x1B[39;49;00m#x1B[33m'#x1B[39;49;00m)#x1B[90m#x1B[39;49;00m
        #x1B[96mself#x1B[39;49;00m.page.reload()#x1B[90m#x1B[39;49;00m
        #x1B[96mself#x1B[39;49;00m.page.wait_for_selector(#x1B[33m'#x1B[39;49;00m#x1B[33m#chat-message#x1B[39;49;00m#x1B[33m'#x1B[39;49;00m)#x1B[90m#x1B[39;49;00m
        #x1B[96mself#x1B[39;49;00m.page.wait_for_function(#x1B[33m"#x1B[39;49;00m#x1B[33m!document.querySelector(#x1B[39;49;00m#x1B[33m'#x1B[39;49;00m#x1B[33m.chat-loading#x1B[39;49;00m#x1B[33m'#x1B[39;49;00m#x1B[33m)#x1B[39;49;00m#x1B[33m"#x1B[39;49;00m)#x1B[90m#x1B[39;49;00m
&gt;       until(#x1B[94mlambda#x1B[39;49;00m: #x1B[96mself#x1B[39;49;00m.page.query_selector(#x1B[33m'#x1B[39;49;00m#x1B[33m#chat-log .keyed-request#x1B[39;49;00m#x1B[33m'#x1B[39;49;00m), what=#x1B[33m'#x1B[39;49;00m#x1B[33mthe request status#x1B[39;49;00m#x1B[33m'#x1B[39;49;00m)#x1B[90m#x1B[39;49;00m

#x1B[1m#x1B[31mtests/test_phase1b_c3_recovery_browser.py#x1B[0m:36: 
_ _ _ _ _ _ _ _ _ _ _ _ _ _ _ _ _ _ _ _ _ _ _ _ _ _ _ _ _ _ _ _ _ _ _ _ _ _ _ _ 

pred = &lt;function RecoveryClosure.test_reload_with_an_equal_text_earlier_message_hides_nothing.&lt;locals&gt;.&lt;lambda&gt; at 0x7f48bfaf9bc0&gt;
timeout = 30.0, interval = 0.05, what = 'the request status'

    #x1B[0m#x1B[94mdef#x1B[39;49;00m#x1B[90m #x1B[39;49;00m#x1B[92muntil#x1B[39;49;00m(pred, timeout=#x1B[94m30.0#x1B[39;49;00m, interval=#x1B[94m0.05#x1B[39;49;00m, what=#x1B[33m'#x1B[39;49;00m#x1B[33mcondition#x1B[39;49;00m#x1B[33m'#x1B[39;49;00m):#x1B[90m#x1B[39;49;00m
        end = time.monotonic() + timeout#x1B[90m#x1B[39;49;00m
        #x1B[94mwhile#x1B[39;49;00m time.monotonic() &lt; end:#x1B[90m#x1B[39;49;00m
            value = pred()#x1B[90m#x1B[39;49;00m
            #x1B[94mif#x1B[39;49;00m value:#x1B[90m#x1B[39;49;00m
                #x1B[94mreturn#x1B[39;49;00m value#x1B[90m#x1B[39;49;00m
            pause(interval)#x1B[90m#x1B[39;49;00m
&gt;       #x1B[94mraise#x1B[39;49;00m #x1B[96mAssertionError#x1B[39;49;00m(#x1B[33mf#x1B[39;49;00m#x1B[33m'#x1B[39;49;00m#x1B[33mtimed out waiting for #x1B[39;49;00m#x1B[33m{#x1B[39;49;00mwhat#x1B[33m}#x1B[39;49;00m#x1B[33m'#x1B[39;49;00m)#x1B[90m#x1B[39;49;00m
#x1B[1m#x1B[31mE       AssertionError: timed out waiting for the request status#x1B[0m

#x1B[1m#x1B[31mtests/test_phase1b_c3_browser.py#x1B[0m:58: AssertionError</failure></testcase><testcase classname="tests.test_phase1b_c3_recovery_browser.RecoveryClosure" name="test_typing_during_bootstrap_in_the_same_view_is_kept" time="0.842"><failure message="AssertionError: '' != 'The submitted text'&#10;+ The submitted text">self = &lt;test_phase1b_c3_recovery_browser.RecoveryClosure testMethod=test_typing_during_bootstrap_in_the_same_view_is_kept&gt;

    #x1B[0m#x1B[94mdef#x1B[39;49;00m#x1B[90m #x1B[39;49;00m#x1B[92mtest_typing_during_bootstrap_in_the_same_view_is_kept#x1B[39;49;00m(#x1B[96mself#x1B[39;49;00m):#x1B[90m#x1B[39;49;00m
        #x1B[96mself#x1B[39;49;00m.s.scenario(reply=#x1B[33m'#x1B[39;49;00m#x1B[33mAnswered while drafting.#x1B[39;49;00m#x1B[33m'#x1B[39;49;00m)#x1B[90m#x1B[39;49;00m
        #x1B[96mself#x1B[39;49;00m.open()#x1B[90m#x1B[39;49;00m
        held = []#x1B[90m#x1B[39;49;00m
        #x1B[96mself#x1B[39;49;00m.page.route(#x1B[33m'#x1B[39;49;00m#x1B[33m**/api/chat/sends/bootstrap?*#x1B[39;49;00m#x1B[33m'#x1B[39;49;00m, #x1B[94mlambda#x1B[39;49;00m r: held.append(r))#x1B[90m#x1B[39;49;00m
        #x1B[96mself#x1B[39;49;00m.type_and_send(#x1B[33m'#x1B[39;49;00m#x1B[33mThe submitted text#x1B[39;49;00m#x1B[33m'#x1B[39;49;00m)#x1B[90m#x1B[39;49;00m
        until(#x1B[94mlambda#x1B[39;49;00m: held, what=#x1B[33m'#x1B[39;49;00m#x1B[33mbootstrap held#x1B[39;49;00m#x1B[33m'#x1B[39;49;00m)#x1B[90m#x1B[39;49;00m
        #x1B[96mself#x1B[39;49;00m.page.fill(#x1B[33m'#x1B[39;49;00m#x1B[33m#chat-message#x1B[39;49;00m#x1B[33m'#x1B[39;49;00m, #x1B[33m'#x1B[39;49;00m#x1B[33mThe submitted text#x1B[39;49;00m#x1B[33m'#x1B[39;49;00m)     #x1B[90m# an edit, even back to the same text#x1B[39;49;00m#x1B[90m#x1B[39;49;00m
        held.pop(#x1B[94m0#x1B[39;49;00m).continue_()#x1B[90m#x1B[39;49;00m
        #x1B[96mself#x1B[39;49;00m.wait_reply(#x1B[33m'#x1B[39;49;00m#x1B[33mAnswered while drafting.#x1B[39;49;00m#x1B[33m'#x1B[39;49;00m)#x1B[90m#x1B[39;49;00m
&gt;       #x1B[96mself#x1B[39;49;00m.assertEqual(#x1B[96mself#x1B[39;49;00m.page.input_value(#x1B[33m'#x1B[39;49;00m#x1B[33m#chat-message#x1B[39;49;00m#x1B[33m'#x1B[39;49;00m), #x1B[33m'#x1B[39;49;00m#x1B[33mThe submitted text#x1B[39;49;00m#x1B[33m'#x1B[39;49;00m)#x1B[90m#x1B[39;49;00m
#x1B[1m#x1B[31mE       AssertionError: '' != 'The submitted text'#x1B[0m
#x1B[1m#x1B[31mE       + The submitted text#x1B[0m

#x1B[1m#x1B[31mtests/test_phase1b_c3_recovery_browser.py#x1B[0m:76: AssertionError</failure></testcase><testcase classname="tests.test_phase1b_c3_recovery_browser.RecoveryClosure" name="test_unresolved_intent_is_recovered_by_check_now_with_the_same_key" time="20.429"><failure message="AssertionError: timed out waiting for the manual same-request check">self = &lt;test_phase1b_c3_recovery_browser.RecoveryClosure testMethod=test_unresolved_intent_is_recovered_by_check_now_with_the_same_key&gt;

    #x1B[0m#x1B[94mdef#x1B[39;49;00m#x1B[90m #x1B[39;49;00m#x1B[92mtest_unresolved_intent_is_recovered_by_check_now_with_the_same_key#x1B[39;49;00m(#x1B[96mself#x1B[39;49;00m):#x1B[90m#x1B[39;49;00m
        #x1B[96mself#x1B[39;49;00m.s.scenario(reply=#x1B[33m'#x1B[39;49;00m#x1B[33mFound again.#x1B[39;49;00m#x1B[33m'#x1B[39;49;00m)#x1B[90m#x1B[39;49;00m
        #x1B[96mself#x1B[39;49;00m.open()#x1B[90m#x1B[39;49;00m
        ledger = sp.ledger_dir(#x1B[96mself#x1B[39;49;00m.s.home()) / sp.LEDGER_FILE#x1B[90m#x1B[39;49;00m
        kept = ledger.with_name(ledger.name + #x1B[33m'#x1B[39;49;00m#x1B[33m.closure-kept#x1B[39;49;00m#x1B[33m'#x1B[39;49;00m)#x1B[90m#x1B[39;49;00m
        lost = {}#x1B[90m#x1B[39;49;00m
    #x1B[90m#x1B[39;49;00m
        #x1B[94mdef#x1B[39;49;00m#x1B[90m #x1B[39;49;00m#x1B[92mlose_after_acceptance#x1B[39;49;00m(route):#x1B[90m#x1B[39;49;00m
            #x1B[94mif#x1B[39;49;00m route.request.method != #x1B[33m'#x1B[39;49;00m#x1B[33mPOST#x1B[39;49;00m#x1B[33m'#x1B[39;49;00m #x1B[95mor#x1B[39;49;00m lost:#x1B[90m#x1B[39;49;00m
                route.continue_()#x1B[90m#x1B[39;49;00m
                #x1B[94mreturn#x1B[39;49;00m#x1B[90m#x1B[39;49;00m
            accepted = route.fetch().json()#x1B[90m#x1B[39;49;00m
            lost.update(accepted)#x1B[90m#x1B[39;49;00m
            #x1B[96mself#x1B[39;49;00m.s.settled(accepted[#x1B[33m'#x1B[39;49;00m#x1B[33msend#x1B[39;49;00m#x1B[33m'#x1B[39;49;00m][#x1B[33m'#x1B[39;49;00m#x1B[33msend_id#x1B[39;49;00m#x1B[33m'#x1B[39;49;00m])#x1B[90m#x1B[39;49;00m
            until(#x1B[94mlambda#x1B[39;49;00m: #x1B[95mnot#x1B[39;49;00m #x1B[96mself#x1B[39;49;00m.s.app.state.operations.busy, what=#x1B[33m'#x1B[39;49;00m#x1B[33mworker idle before synthetic ledger loss#x1B[39;49;00m#x1B[33m'#x1B[39;49;00m)#x1B[90m#x1B[39;49;00m
            ledger.rename(kept)#x1B[90m#x1B[39;49;00m
            route.abort()#x1B[90m#x1B[39;49;00m
    #x1B[90m#x1B[39;49;00m
        #x1B[96mself#x1B[39;49;00m.page.route(#x1B[33m'#x1B[39;49;00m#x1B[33m**/api/chat/sends?*#x1B[39;49;00m#x1B[33m'#x1B[39;49;00m, lose_after_acceptance)#x1B[90m#x1B[39;49;00m
        #x1B[94mtry#x1B[39;49;00m:#x1B[90m#x1B[39;49;00m
            #x1B[96mself#x1B[39;49;00m.type_and_send(#x1B[33m'#x1B[39;49;00m#x1B[33mRecover me#x1B[39;49;00m#x1B[33m'#x1B[39;49;00m)#x1B[90m#x1B[39;49;00m
&gt;           until(#x1B[94mlambda#x1B[39;49;00m: #x1B[96mself#x1B[39;49;00m.page.query_selector(#x1B[33m'#x1B[39;49;00m#x1B[33m#chat-log button:has-text(#x1B[39;49;00m#x1B[33m"#x1B[39;49;00m#x1B[33mCheck now#x1B[39;49;00m#x1B[33m"#x1B[39;49;00m#x1B[33m)#x1B[39;49;00m#x1B[33m'#x1B[39;49;00m), timeout=#x1B[94m20#x1B[39;49;00m,#x1B[90m#x1B[39;49;00m
                  what=#x1B[33m'#x1B[39;49;00m#x1B[33mthe manual same-request check#x1B[39;49;00m#x1B[33m'#x1B[39;49;00m)#x1B[90m#x1B[39;49;00m

#x1B[1m#x1B[31mtests/test_phase1b_c3_recovery_browser.py#x1B[0m:101: 
_ _ _ _ _ _ _ _ _ _ _ _ _ _ _ _ _ _ _ _ _ _ _ _ _ _ _ _ _ _ _ _ _ _ _ _ _ _ _ _ 

pred = &lt;function RecoveryClosure.test_unresolved_intent_is_recovered_by_check_now_with_the_same_key.&lt;locals&gt;.&lt;lambda&gt; at 0x7f48bf5b1430&gt;
timeout = 20, interval = 0.05, what = 'the manual same-request check'

    #x1B[0m#x1B[94mdef#x1B[39;49;00m#x1B[90m #x1B[39;49;00m#x1B[92muntil#x1B[39;49;00m(pred, timeout=#x1B[94m30.0#x1B[39;49;00m, interval=#x1B[94m0.05#x1B[39;49;00m, what=#x1B[33m'#x1B[39;49;00m#x1B[33mcondition#x1B[39;49;00m#x1B[33m'#x1B[39;49;00m):#x1B[90m#x1B[39;49;00m
        end = time.monotonic() + timeout#x1B[90m#x1B[39;49;00m
        #x1B[94mwhile#x1B[39;49;00m time.monotonic() &lt; end:#x1B[90m#x1B[39;49;00m
            value = pred()#x1B[90m#x1B[39;49;00m
            #x1B[94mif#x1B[39;49;00m value:#x1B[90m#x1B[39;49;00m
                #x1B[94mreturn#x1B[39;49;00m value#x1B[90m#x1B[39;49;00m
            pause(interval)#x1B[90m#x1B[39;49;00m
&gt;       #x1B[94mraise#x1B[39;49;00m #x1B[96mAssertionError#x1B[39;49;00m(#x1B[33mf#x1B[39;49;00m#x1B[33m'#x1B[39;49;00m#x1B[33mtimed out waiting for #x1B[39;49;00m#x1B[33m{#x1B[39;49;00mwhat#x1B[33m}#x1B[39;49;00m#x1B[33m'#x1B[39;49;00m)#x1B[90m#x1B[39;49;00m
#x1B[1m#x1B[31mE       AssertionError: timed out waiting for the manual same-request check#x1B[0m

#x1B[1m#x1B[31mtests/test_phase1b_c3_browser.py#x1B[0m:58: AssertionError</failure></testcase><testcase classname="tests.test_phase1b_c3_browser.KeyedSends" name="test_reload_mid_turn_recovers_the_same_intent_and_presents_it_once" time="31.330"><failure message="AssertionError: timed out waiting for the request status">self = &lt;test_phase1b_c3_browser.KeyedSends testMethod=test_reload_mid_turn_recovers_the_same_intent_and_presents_it_once&gt;

    #x1B[0m#x1B[94mdef#x1B[39;49;00m#x1B[90m #x1B[39;49;00m#x1B[92mtest_reload_mid_turn_recovers_the_same_intent_and_presents_it_once#x1B[39;49;00m(#x1B[96mself#x1B[39;49;00m):#x1B[90m#x1B[39;49;00m
        #x1B[96mself#x1B[39;49;00m.s.gated([#x1B[33m'#x1B[39;49;00m#x1B[33mFirst part. #x1B[39;49;00m#x1B[33m'#x1B[39;49;00m, #x1B[33m'#x1B[39;49;00m#x1B[33mSecond part.#x1B[39;49;00m#x1B[33m'#x1B[39;49;00m])#x1B[90m#x1B[39;49;00m
        #x1B[96mself#x1B[39;49;00m.open()#x1B[90m#x1B[39;49;00m
        #x1B[96mself#x1B[39;49;00m.type_and_send(#x1B[33m'#x1B[39;49;00m#x1B[33mReload me mid turn#x1B[39;49;00m#x1B[33m'#x1B[39;49;00m)#x1B[90m#x1B[39;49;00m
        until(#x1B[94mlambda#x1B[39;49;00m: #x1B[96mself#x1B[39;49;00m.s.reached(#x1B[94m1#x1B[39;49;00m), what=#x1B[33m'#x1B[39;49;00m#x1B[33mthe turn to pause mid-stream#x1B[39;49;00m#x1B[33m'#x1B[39;49;00m)#x1B[90m#x1B[39;49;00m
        until(#x1B[94mlambda#x1B[39;49;00m: #x1B[33m'#x1B[39;49;00m#x1B[33mFirst part.#x1B[39;49;00m#x1B[33m'#x1B[39;49;00m #x1B[95min#x1B[39;49;00m #x1B[96mself#x1B[39;49;00m.page.inner_text(#x1B[33m'#x1B[39;49;00m#x1B[33m#chat-log#x1B[39;49;00m#x1B[33m'#x1B[39;49;00m), what=#x1B[33m'#x1B[39;49;00m#x1B[33mthe first streamed part#x1B[39;49;00m#x1B[33m'#x1B[39;49;00m)#x1B[90m#x1B[39;49;00m
        key = #x1B[96mself#x1B[39;49;00m.pending()[#x1B[33m'#x1B[39;49;00m#x1B[33mclient_key#x1B[39;49;00m#x1B[33m'#x1B[39;49;00m]#x1B[90m#x1B[39;49;00m
        #x1B[96mself#x1B[39;49;00m.page.reload()#x1B[90m#x1B[39;49;00m
        #x1B[96mself#x1B[39;49;00m.page.wait_for_selector(#x1B[33m'#x1B[39;49;00m#x1B[33m#chat-message#x1B[39;49;00m#x1B[33m'#x1B[39;49;00m)#x1B[90m#x1B[39;49;00m
        until(#x1B[94mlambda#x1B[39;49;00m: #x1B[96mself#x1B[39;49;00m.pending() #x1B[95mand#x1B[39;49;00m #x1B[96mself#x1B[39;49;00m.pending().get(#x1B[33m'#x1B[39;49;00m#x1B[33msend_id#x1B[39;49;00m#x1B[33m'#x1B[39;49;00m), what=#x1B[33m'#x1B[39;49;00m#x1B[33mpending kept across reload#x1B[39;49;00m#x1B[33m'#x1B[39;49;00m)#x1B[90m#x1B[39;49;00m
        #x1B[96mself#x1B[39;49;00m.assertEqual(#x1B[96mself#x1B[39;49;00m.pending()[#x1B[33m'#x1B[39;49;00m#x1B[33mclient_key#x1B[39;49;00m#x1B[33m'#x1B[39;49;00m], key)#x1B[90m#x1B[39;49;00m
        #x1B[90m# Mid-turn the recorded owner row is already in history, and C1 records the send's#x1B[39;49;00m#x1B[90m#x1B[39;49;00m
        #x1B[90m# links only when it settles, so the restored intent cannot be matched to it yet: it#x1B[39;49;00m#x1B[90m#x1B[39;49;00m
        #x1B[90m# is shown as a separate, labelled request status, never a second owner bubble.#x1B[39;49;00m#x1B[90m#x1B[39;49;00m
&gt;       until(#x1B[94mlambda#x1B[39;49;00m: #x1B[96mself#x1B[39;49;00m.page.query_selector(#x1B[33m'#x1B[39;49;00m#x1B[33m#chat-log .keyed-request#x1B[39;49;00m#x1B[33m'#x1B[39;49;00m), what=#x1B[33m'#x1B[39;49;00m#x1B[33mthe request status#x1B[39;49;00m#x1B[33m'#x1B[39;49;00m)#x1B[90m#x1B[39;49;00m

#x1B[1m#x1B[31mtests/test_phase1b_c3_browser.py#x1B[0m:247: 
_ _ _ _ _ _ _ _ _ _ _ _ _ _ _ _ _ _ _ _ _ _ _ _ _ _ _ _ _ _ _ _ _ _ _ _ _ _ _ _ 

pred = &lt;function KeyedSends.test_reload_mid_turn_recovers_the_same_intent_and_presents_it_once.&lt;locals&gt;.&lt;lambda&gt; at 0x7f48bf5b2ae0&gt;
timeout = 30.0, interval = 0.05, what = 'the request status'

    #x1B[0m#x1B[94mdef#x1B[39;49;00m#x1B[90m #x1B[39;49;00m#x1B[92muntil#x1B[39;49;00m(pred, timeout=#x1B[94m30.0#x1B[39;49;00m, interval=#x1B[94m0.05#x1B[39;49;00m, what=#x1B[33m'#x1B[39;49;00m#x1B[33mcondition#x1B[39;49;00m#x1B[33m'#x1B[39;49;00m):#x1B[90m#x1B[39;49;00m
        end = time.monotonic() + timeout#x1B[90m#x1B[39;49;00m
        #x1B[94mwhile#x1B[39;49;00m time.monotonic() &lt; end:#x1B[90m#x1B[39;49;00m
            value = pred()#x1B[90m#x1B[39;49;00m
            #x1B[94mif#x1B[39;49;00m value:#x1B[90m#x1B[39;49;00m
                #x1B[94mreturn#x1B[39;49;00m value#x1B[90m#x1B[39;49;00m
            pause(interval)#x1B[90m#x1B[39;49;00m
&gt;       #x1B[94mraise#x1B[39;49;00m #x1B[96mAssertionError#x1B[39;49;00m(#x1B[33mf#x1B[39;49;00m#x1B[33m'#x1B[39;49;00m#x1B[33mtimed out waiting for #x1B[39;49;00m#x1B[33m{#x1B[39;49;00mwhat#x1B[33m}#x1B[39;49;00m#x1B[33m'#x1B[39;49;00m)#x1B[90m#x1B[39;49;00m
#x1B[1m#x1B[31mE       AssertionError: timed out waiting for the request status#x1B[0m

#x1B[1m#x1B[31mtests/test_phase1b_c3_browser.py#x1B[0m:58: AssertionError</failure></testcase></testsuite></testsuites>